<?xml version="1.0" encoding="UTF-8"?>
<!-- Generated by org.testng.reporters.JUnitReportReporter -->
<testsuite hostname="L295-W-MARIRAJP" failures="0" tests="1" name="SRSproject.LoginTests.UnAuthorizedAccessToPEP" time="17.779" errors="0" timestamp="2022-05-02T18:44:50 IST" skipped="0">
  <testcase classname="SRSproject.LoginTests.UnAuthorizedAccessToPEP" name="AccessPCS" time="17.779"/>
  <system-out/>
</testsuite> <!-- SRSproject.LoginTests.UnAuthorizedAccessToPEP -->
