<?xml version="1.0" encoding="UTF-8"?>
<!-- Generated by org.testng.reporters.JUnitReportReporter -->
<testsuite hostname="DESKTOP-MMCCJ5V" failures="0" tests="2" name="SRSproject.SRSproject.AccountDashboardPageTest" time="117.292" errors="0" timestamp="2022-07-14T17:05:54 IST" skipped="0">
  <testcase classname="SRSproject.SRSproject.AccountDashboardPageTest" name="Account" time="82.392"/>
  <system-out/>
  <testcase classname="SRSproject.SRSproject.AccountDashboardPageTest" name="DashBoard" time="34.900"/>
  <system-out/>
</testsuite> <!-- SRSproject.SRSproject.AccountDashboardPageTest -->
