<?xml version="1.0" encoding="UTF-8"?>
<!-- Generated by org.testng.reporters.JUnitReportReporter -->
<testsuite hostname="L295-W-MARIRAJP" failures="0" tests="6" name="SRSproject.SRSproject.CartPageTest" time="115.548" errors="0" timestamp="2022-05-03T13:02:22 IST" skipped="0">
  <testcase classname="SRSproject.SRSproject.CartPageTest" name="MiniCartToCartPage_Redirection" time="50.571"/>
  <system-out/>
  <testcase classname="SRSproject.SRSproject.CartPageTest" name="ProductInformationValidation" time="23.022"/>
  <system-out>
    <![CDATA[Items price is same in PDP and Cart Page i.e Cart Price : 17.02 = PDP Price : 17.02]]>
  </system-out>
  <testcase classname="SRSproject.SRSproject.CartPageTest" name="CartSubtotalValidationfn" time="0.142"/>
  <system-out/>
  <testcase classname="SRSproject.SRSproject.CartPageTest" name="CartUpdateValidation" time="8.225"/>
  <system-out/>
  <testcase classname="SRSproject.SRSproject.CartPageTest" name="AddItemToCart_Validation" time="10.252"/>
  <system-out>
    <![CDATA[Able to Add items by searching them ]]>
  </system-out>
  <testcase classname="SRSproject.SRSproject.CartPageTest" name="Reorder_Validation" time="23.336"/>
  <system-out>
    <![CDATA[Items are added from cart to Reorder List selected]]>
  </system-out>
</testsuite> <!-- SRSproject.SRSproject.CartPageTest -->
