<?xml version="1.0" encoding="UTF-8"?>
<!-- Generated by org.testng.reporters.JUnitReportReporter -->
<testsuite hostname="L295-W-MARIRAJP" failures="0" tests="6" name="SRSproject.SRSproject.CartPageTest" time="151.750" errors="0" timestamp="2022-05-03T17:35:31 IST" skipped="0">
  <testcase classname="SRSproject.SRSproject.CartPageTest" name="MiniCartToCartPage_Redirection" time="82.930"/>
  <system-out/>
  <testcase classname="SRSproject.SRSproject.CartPageTest" name="ProductInformationValidation" time="26.503"/>
  <system-out>
    <![CDATA[Items price is same in PDP and Cart Page i.e Cart Price : 10.2 = PDP Price : 10.2]]>
  </system-out>
  <testcase classname="SRSproject.SRSproject.CartPageTest" name="CartSubtotalValidationfn" time="0.362"/>
  <system-out/>
  <testcase classname="SRSproject.SRSproject.CartPageTest" name="CartUpdateValidation" time="8.269"/>
  <system-out/>
  <testcase classname="SRSproject.SRSproject.CartPageTest" name="AddItemToCart_Validation" time="10.335"/>
  <system-out>
    <![CDATA[Able to Add items by searching them ]]>
  </system-out>
  <testcase classname="SRSproject.SRSproject.CartPageTest" name="Reorder_Validation" time="23.351"/>
  <system-out>
    <![CDATA[Items are added from cart to Reorder List selected]]>
  </system-out>
</testsuite> <!-- SRSproject.SRSproject.CartPageTest -->
