<?xml version="1.0" encoding="UTF-8"?>
<!-- Generated by org.testng.reporters.JUnitReportReporter -->
<testsuite skipped="0" hostname="DESKTOP-MMCCJ5V" name="SRSproject.SRSproject.ProductDetailPageTest" tests="2" failures="0" timestamp="2022-05-24T12:47:44 IST" time="112.834" errors="0">
  <testcase name="PDP_RegisterRedirection_GuestValidation" time="42.600" classname="SRSproject.SRSproject.ProductDetailPageTest"/>
  <system-out/>
  <testcase name="AddingItemToCart" time="70.234" classname="SRSproject.SRSproject.ProductDetailPageTest"/>
  <system-out/>
</testsuite> <!-- SRSproject.SRSproject.ProductDetailPageTest -->
