<?xml version="1.0" encoding="UTF-8"?>
<!-- Generated by org.testng.reporters.JUnitReportReporter -->
<testsuite hostname="L295-W-MARIRAJP" failures="0" tests="7" name="SRSproject.SRSproject.OpenOrderTest" time="209.222" errors="0" timestamp="2022-06-09T15:11:51 IST" skipped="0">
  <testcase classname="SRSproject.SRSproject.OpenOrderTest" name="OpenOrder_Redirection" time="38.831"/>
  <system-out/>
  <testcase classname="SRSproject.SRSproject.OpenOrderTest" name="OpenOrder_Listing" time="5.097"/>
  <system-out/>
  <testcase classname="SRSproject.SRSproject.OpenOrderTest" name="Selecting_Openorder" time="22.103"/>
  <system-out/>
  <testcase classname="SRSproject.SRSproject.OpenOrderTest" name="OpenOrder_SecondPage_Listing" time="15.642"/>
  <system-out/>
  <testcase classname="SRSproject.SRSproject.OpenOrderTest" name="Download_Validation" time="61.298"/>
  <system-out/>
  <testcase classname="SRSproject.SRSproject.OpenOrderTest" name="Downloaded_File_validation" time="5.124"/>
  <system-out/>
  <testcase classname="SRSproject.SRSproject.OpenOrderTest" name="DownlodFileInvoiceXL" time="61.127"/>
  <system-out/>
</testsuite> <!-- SRSproject.SRSproject.OpenOrderTest -->
