<?xml version="1.0" encoding="UTF-8"?>
<!-- Generated by org.testng.reporters.JUnitReportReporter -->
<testsuite skipped="1" hostname="DESKTOP-MMCCJ5V" name="SRSproject.SRSproject.AccountStatementTest" tests="6" failures="0" timestamp="2022-06-23T19:51:02 IST" time="378.435" errors="0">
  <testcase name="Account" time="98.427" classname="SRSproject.SRSproject.AccountStatementTest"/>
  <system-out/>
  <testcase name="AccountStatementVerify" time="69.846" classname="SRSproject.SRSproject.AccountStatementTest"/>
  <system-out/>
  <testcase name="InvoiceIdVerify" time="60.268" classname="SRSproject.SRSproject.AccountStatementTest"/>
  <system-out/>
  <testcase name="PageCountVerify" time="49.129" classname="SRSproject.SRSproject.AccountStatementTest"/>
  <system-out/>
  <testcase name="AccountBillVerify" time="100.765" classname="SRSproject.SRSproject.AccountStatementTest"/>
  <system-out/>
  <testcase name="PrintPageVerify" classname="SRSproject.SRSproject.AccountStatementTest">
    <skipped/>
  </testcase> <!-- PrintPageVerify -->
  <system-out/>
</testsuite> <!-- SRSproject.SRSproject.AccountStatementTest -->
