<?xml version="1.0" encoding="UTF-8"?>
<!-- Generated by org.testng.reporters.JUnitReportReporter -->
<testsuite hostname="L295-W-MARIRAJP" failures="0" tests="6" name="SRSproject.SRSproject.Reorderpad_no_access" time="141.855" errors="0" timestamp="2022-06-23T10:10:14 IST" skipped="0">
  <testcase classname="SRSproject.SRSproject.Reorderpad_no_access" name="ReorderPage_Redirection" time="29.108"/>
  <system-out/>
  <testcase classname="SRSproject.SRSproject.Reorderpad_no_access" name="Add_to_Reorder_Pad_from_cartPage" time="31.715"/>
  <system-out/>
  <testcase classname="SRSproject.SRSproject.Reorderpad_no_access" name="Add_Product_to_ReorderPad_from_PLP" time="18.872"/>
  <system-out/>
  <testcase classname="SRSproject.SRSproject.Reorderpad_no_access" name="Add_Product_to_ReorderPad_from_PDP" time="18.131"/>
  <system-out/>
  <testcase classname="SRSproject.SRSproject.Reorderpad_no_access" name="Add_Product_to_ReorderPad_from_Invoice" time="26.985"/>
  <system-out/>
  <testcase classname="SRSproject.SRSproject.Reorderpad_no_access" name="Add_Product_to_ReorderPad_from_Open_order" time="17.044"/>
  <system-out/>
</testsuite> <!-- SRSproject.SRSproject.Reorderpad_no_access -->
