<?xml version="1.0" encoding="UTF-8"?>
<!-- Generated by org.testng.reporters.JUnitReportReporter -->
<testsuite hostname="L295-W-MARIRAJP" failures="0" tests="3" name="SRSproject.SRSproject.CheckoutPageTest" time="50.853" errors="0" timestamp="2022-05-04T18:41:18 IST" skipped="0">
  <testcase classname="SRSproject.SRSproject.CheckoutPageTest" name="CartToCheckout_Validation" time="45.718"/>
  <system-out>
    <![CDATA[Checkout]]>
  </system-out>
  <testcase classname="SRSproject.SRSproject.CheckoutPageTest" name="Date_Validation" time="3.767"/>
  <system-out/>
  <testcase classname="SRSproject.SRSproject.CheckoutPageTest" name="ProductList_Validation" time="1.368"/>
  <system-out>
    <![CDATA[Items in Cart are all added to Checkout Page successfully]]>
  </system-out>
</testsuite> <!-- SRSproject.SRSproject.CheckoutPageTest -->
