<?xml version="1.0" encoding="UTF-8"?>
<!-- Generated by org.testng.reporters.JUnitReportReporter -->
<testsuite hostname="L295-W-MARIRAJP" failures="0" tests="3" name="SRSproject.SRSproject.LoginTest" time="11.853" errors="0" timestamp="2022-05-06T17:29:11 IST" skipped="2">
  <testcase classname="SRSproject.SRSproject.LoginTest" name="UnApprovedLoginValidation" time="11.853"/>
  <system-out/>
  <testcase classname="SRSproject.SRSproject.LoginTest" name="LoginFromPLP">
    <skipped/>
  </testcase> <!-- LoginFromPLP -->
  <system-out/>
  <testcase classname="SRSproject.SRSproject.LoginTest" name="LoginFromPDP">
    <skipped/>
  </testcase> <!-- LoginFromPDP -->
  <system-out/>
</testsuite> <!-- SRSproject.SRSproject.LoginTest -->
