<?xml version="1.0" encoding="UTF-8"?>
<!-- Generated by org.testng.reporters.JUnitReportReporter -->
<testsuite hostname="L295-W-MARIRAJP" failures="0" tests="2" name="SRSproject.SRSproject.ApprovedLoginTest" time="91.149" errors="0" timestamp="2022-03-30T13:40:50 IST" skipped="0">
  <testcase classname="SRSproject.SRSproject.ApprovedLoginTest" name="LoginValidation" time="54.695"/>
  <system-out/>
  <testcase classname="SRSproject.SRSproject.ApprovedLoginTest" name="UnApprovedLoginValidation" time="36.454"/>
  <system-out/>
</testsuite> <!-- SRSproject.SRSproject.ApprovedLoginTest -->
