<?xml version="1.0" encoding="UTF-8"?>
<!-- Generated by org.testng.reporters.JUnitReportReporter -->
<testsuite hostname="L85-W-HEERAP" failures="0" tests="8" name="SRSproject.SRSproject.StoreLocatorsPageTest_CPS" time="225.028" errors="0" timestamp="2022-03-16T14:59:37 IST" skipped="0">
  <testcase classname="SRSproject.SRSproject.StoreLocatorsPageTest_CPS" name="AllBranchValidation" time="40.293"/>
  <testcase classname="SRSproject.SRSproject.StoreLocatorsPageTest_CPS" name="SelectBranch_RedirectionValidation" time="30.104"/>
  <testcase classname="SRSproject.SRSproject.StoreLocatorsPageTest_CPS" name="LocationBasedBranchValidation" time="26.663"/>
  <testcase classname="SRSproject.SRSproject.StoreLocatorsPageTest_CPS" name="ZipcodeBasedBranchValidation" time="25.538"/>
  <testcase classname="SRSproject.SRSproject.StoreLocatorsPageTest_CPS" name="GetDirection_RedirectionValidation" time="20.805"/>
  <testcase classname="SRSproject.SRSproject.StoreLocatorsPageTest_CPS" name="InValidLocationSearch_Validation" time="18.678"/>
  <testcase classname="SRSproject.SRSproject.StoreLocatorsPageTest_CPS" name="ChangeBranchDisplayed_LoggedInUser_Validation" time="28.444"/>
  <testcase classname="SRSproject.SRSproject.StoreLocatorsPageTest_CPS" name="ChangingBranch_Validation" time="34.503"/>
</testsuite> <!-- SRSproject.SRSproject.StoreLocatorsPageTest_CPS -->
