<?xml version="1.0" encoding="UTF-8"?>
<!-- Generated by org.testng.reporters.JUnitReportReporter -->
<testsuite hostname="DESKTOP-MMCCJ5V" failures="0" tests="4" name="SRSproject.SRSproject.ShipCompleteOptionTest" time="119.531" errors="0" timestamp="2022-07-07T23:42:11 IST" skipped="1">
  <testcase classname="SRSproject.SRSproject.ShipCompleteOptionTest" name="Account" time="12.815"/>
  <system-out/>
  <testcase classname="SRSproject.SRSproject.ShipCompleteOptionTest" name="MiniCartTest" time="9.226"/>
  <system-out/>
  <testcase classname="SRSproject.SRSproject.ShipCompleteOptionTest" name="ShopProductPage" time="97.490"/>
  <system-out/>
  <testcase classname="SRSproject.SRSproject.ShipCompleteOptionTest" name="PlaceOrderPage">
    <skipped/>
  </testcase> <!-- PlaceOrderPage -->
  <system-out/>
</testsuite> <!-- SRSproject.SRSproject.ShipCompleteOptionTest -->
