<?xml version="1.0" encoding="UTF-8"?>
<!-- Generated by org.testng.reporters.JUnitReportReporter -->
<testsuite hostname="L295-W-MARIRAJP" failures="0" tests="2" name="SRSproject.SRSproject.AccountDashboardPageTest" time="117.594" errors="0" timestamp="2022-07-05T11:46:08 IST" skipped="0">
  <testcase classname="SRSproject.SRSproject.AccountDashboardPageTest" name="Account" time="84.452"/>
  <system-out/>
  <testcase classname="SRSproject.SRSproject.AccountDashboardPageTest" name="DashBoard" time="33.142"/>
  <system-out/>
</testsuite> <!-- SRSproject.SRSproject.AccountDashboardPageTest -->
