<?xml version="1.0" encoding="UTF-8"?>
<!-- Generated by org.testng.reporters.JUnitReportReporter -->
<testsuite hostname="DESKTOP-MMCCJ5V" failures="1" tests="15" name="SRSproject.SRSproject.RegistrationFormTest" time="344.682" errors="0" timestamp="2022-07-14T17:05:54 IST" skipped="0">
  <testcase classname="SRSproject.SRSproject.RegistrationFormTest" name="RegistrationForm_RegisternowRedirectionValidation" time="13.699">
    <failure message="expected [https://www.heritagepoolplus.com/company/account/create] but found [https://mcstaging2.heritagepoolplus.com/company/account/create]" type="java.lang.AssertionError">
      <![CDATA[java.lang.AssertionError: expected [https://www.heritagepoolplus.com/company/account/create] but found [https://mcstaging2.heritagepoolplus.com/company/account/create]
at org.testng.Assert.fail(Assert.java:99)
at org.testng.Assert.failNotEquals(Assert.java:1037)
at org.testng.Assert.assertEqualsImpl(Assert.java:140)
at org.testng.Assert.assertEquals(Assert.java:122)
at org.testng.Assert.assertEquals(Assert.java:629)
at org.testng.Assert.assertEquals(Assert.java:639)
at SRSproject.SRSproject.RegistrationFormTest.RegistrationForm_RegisternowRedirectionValidation(RegistrationFormTest.java:34)
at java.base/jdk.internal.reflect.NativeMethodAccessorImpl.invoke0(Native Method)
at java.base/jdk.internal.reflect.NativeMethodAccessorImpl.invoke(NativeMethodAccessorImpl.java:62)
at java.base/jdk.internal.reflect.DelegatingMethodAccessorImpl.invoke(DelegatingMethodAccessorImpl.java:43)
at java.base/java.lang.reflect.Method.invoke(Method.java:566)
at org.testng.internal.MethodInvocationHelper.invokeMethod(MethodInvocationHelper.java:133)
at org.testng.internal.TestInvoker.invokeMethod(TestInvoker.java:598)
at org.testng.internal.TestInvoker.invokeTestMethod(TestInvoker.java:173)
at org.testng.internal.MethodRunner.runInSequence(MethodRunner.java:46)
at org.testng.internal.TestInvoker$MethodInvocationAgent.invoke(TestInvoker.java:824)
at org.testng.internal.TestInvoker.invokeTestMethods(TestInvoker.java:146)
at org.testng.internal.TestMethodWorker.invokeTestMethods(TestMethodWorker.java:146)
at org.testng.internal.TestMethodWorker.run(TestMethodWorker.java:128)
at java.base/java.util.ArrayList.forEach(ArrayList.java:1541)
at org.testng.TestRunner.privateRun(TestRunner.java:794)
at org.testng.TestRunner.run(TestRunner.java:596)
at org.testng.SuiteRunner.runTest(SuiteRunner.java:377)
at org.testng.SuiteRunner.runSequentially(SuiteRunner.java:371)
at org.testng.SuiteRunner.privateRun(SuiteRunner.java:332)
at org.testng.SuiteRunner.run(SuiteRunner.java:276)
at org.testng.SuiteRunnerWorker.runSuite(SuiteRunnerWorker.java:53)
at org.testng.SuiteRunnerWorker.run(SuiteRunnerWorker.java:96)
at org.testng.TestNG.runSuitesSequentially(TestNG.java:1212)
at org.testng.TestNG.runSuitesLocally(TestNG.java:1134)
at org.testng.TestNG.runSuites(TestNG.java:1063)
at org.testng.TestNG.run(TestNG.java:1031)
at org.testng.remote.AbstractRemoteTestNG.run(AbstractRemoteTestNG.java:115)
at org.testng.remote.RemoteTestNG.initAndRun(RemoteTestNG.java:251)
at org.testng.remote.RemoteTestNG.main(RemoteTestNG.java:77)
]]>
    </failure>
  </testcase> <!-- RegistrationForm_RegisternowRedirectionValidation -->
  <system-out/>
  <testcase classname="SRSproject.SRSproject.RegistrationFormTest" name="RegistrationForm_BrandFieldDisplayed" time="0.034"/>
  <system-out/>
  <testcase classname="SRSproject.SRSproject.RegistrationFormTest" name="RegistrationForm_KnowMyHeritagePlusAccount" time="1.666"/>
  <system-out/>
  <testcase classname="SRSproject.SRSproject.RegistrationFormTest" name="RegistrationForm_Dont_KnowMyHeritagePlusAccountValidation" time="2.175"/>
  <system-out/>
  <testcase classname="SRSproject.SRSproject.RegistrationFormTest" name="RegistrationForm_AccountInfoSelectionValidation" time="2.746"/>
  <system-out/>
  <testcase classname="SRSproject.SRSproject.RegistrationFormTest" name="RegistrationForm_GLobalsite_FieldErrorValidation" time="1.982"/>
  <system-out/>
  <testcase classname="SRSproject.SRSproject.RegistrationFormTest" name="RegistrationForm_GLobalsite_PhoneNoValidation" time="0.118"/>
  <system-out/>
  <testcase classname="SRSproject.SRSproject.RegistrationFormTest" name="RegistrationForm_GLobalsite_IncorrectEmailValidation" time="1.461"/>
  <system-out/>
  <testcase classname="SRSproject.SRSproject.RegistrationFormTest" name="RegistrationForm_GLobalsite_ExistingEmailValidation" time="15.393"/>
  <system-out/>
  <testcase classname="SRSproject.SRSproject.RegistrationFormTest" name="RegistrationForm_GLobalsite_TermNotCheckedValidation" time="0.051"/>
  <system-out/>
  <testcase classname="SRSproject.SRSproject.RegistrationFormTest" name="RegistrationForm_PCS_BrandAndBranchValidation" time="33.095"/>
  <system-out/>
  <testcase classname="SRSproject.SRSproject.RegistrationFormTest" name="RegistrationForm_Aqua_gon__BrandAndBranchValidation" time="38.890"/>
  <system-out/>
  <testcase classname="SRSproject.SRSproject.RegistrationFormTest" name="RegistrationForm_QPS_BrandAndBranchValidation" time="28.671"/>
  <system-out/>
  <testcase classname="SRSproject.SRSproject.RegistrationFormTest" name="RegistrationForm_DontKnowHertiageAccount_RegistrationValidation" time="102.738"/>
  <system-out/>
  <testcase classname="SRSproject.SRSproject.RegistrationFormTest" name="RegistrationForm_KnowHertiageAccount_RegistrationValidation" time="101.963"/>
  <system-out/>
</testsuite> <!-- SRSproject.SRSproject.RegistrationFormTest -->
