<?xml version="1.0" encoding="UTF-8"?>
<!-- Generated by org.testng.reporters.JUnitReportReporter -->
<testsuite hostname="L295-W-MARIRAJP" failures="0" tests="3" name="SRSproject.LoginTests.LoginMultiple" time="258.432" errors="0" timestamp="2022-03-29T19:20:59 IST" skipped="0">
  <testcase classname="SRSproject.LoginTests.LoginMultiple" name="LoginMultipleTimes" time="106.188"/>
  <system-out/>
  <testcase classname="SRSproject.LoginTests.LoginMultiple" name="LoginFromPLP" time="82.307"/>
  <system-out/>
  <testcase classname="SRSproject.LoginTests.LoginMultiple" name="LoginFromPDP" time="69.937"/>
  <system-out/>
</testsuite> <!-- SRSproject.LoginTests.LoginMultiple -->
