<?xml version="1.0" encoding="UTF-8"?>
<!-- Generated by org.testng.reporters.JUnitReportReporter -->
<testsuite hostname="L295-W-MARIRAJP" failures="0" tests="1" name="SRSproject.LoginTests.UnAuthorizedAccessToConely" time="30.645" errors="0" timestamp="2022-05-02T18:50:06 IST" skipped="0">
  <testcase classname="SRSproject.LoginTests.UnAuthorizedAccessToConely" name="AccessQPS" time="30.645"/>
  <system-out/>
</testsuite> <!-- SRSproject.LoginTests.UnAuthorizedAccessToConely -->
