<?xml version="1.0" encoding="UTF-8"?>
<!-- Generated by org.testng.reporters.JUnitReportReporter -->
<testsuite hostname="DESKTOP-MMCCJ5V" failures="0" tests="6" name="SRSproject.SRSproject.LoginTest" time="224.400" errors="0" timestamp="2022-06-14T14:34:46 IST" skipped="1">
  <testcase classname="SRSproject.SRSproject.LoginTest" name="invalidLoginValidation" time="46.880"/>
  <system-out/>
  <testcase classname="SRSproject.SRSproject.LoginTest" name="LoginValidation" time="44.689"/>
  <system-out/>
  <testcase classname="SRSproject.SRSproject.LoginTest" name="UnApprovedLoginValidation" time="21.382"/>
  <system-out/>
  <testcase classname="SRSproject.SRSproject.LoginTest" name="LoginFromPLP" time="53.780"/>
  <system-out/>
  <testcase classname="SRSproject.SRSproject.LoginTest" name="LoginFromPDP" time="57.669"/>
  <system-out/>
  <testcase classname="SRSproject.SRSproject.LoginTest" name="UnAuthorisedLogin">
    <skipped/>
  </testcase> <!-- UnAuthorisedLogin -->
  <system-out/>
</testsuite> <!-- SRSproject.SRSproject.LoginTest -->
