<?xml version="1.0" encoding="UTF-8"?>
<!-- Generated by org.testng.reporters.JUnitReportReporter -->
<testsuite hostname="L295-W-MARIRAJP" failures="0" tests="2" name="SRSproject.SRSproject.CompanyUserTest" time="288.453" errors="0" timestamp="2022-05-06T16:36:38 IST" skipped="0">
  <testcase classname="SRSproject.SRSproject.CompanyUserTest" name="CreateCompanyUser" time="112.320"/>
  <system-out/>
  <testcase classname="SRSproject.SRSproject.CompanyUserTest" name="AddNewUserRole" time="176.133"/>
  <system-out/>
</testsuite> <!-- SRSproject.SRSproject.CompanyUserTest -->
