<?xml version="1.0" encoding="UTF-8"?>
<!-- Generated by org.testng.reporters.JUnitReportReporter -->
<testsuite hostname="DESKTOP-MMCCJ5V" failures="0" tests="4" name="SRSproject.SRSproject.CheckoutPageTest" time="145.955" errors="0" timestamp="2022-07-14T17:05:54 IST" skipped="0">
  <testcase classname="SRSproject.SRSproject.CheckoutPageTest" name="CartToCheckout_Validation" time="100.791"/>
  <system-out/>
  <testcase classname="SRSproject.SRSproject.CheckoutPageTest" name="Date_Validation" time="5.886"/>
  <system-out/>
  <testcase classname="SRSproject.SRSproject.CheckoutPageTest" name="ProductList_Validation" time="32.231"/>
  <system-out/>
  <testcase classname="SRSproject.SRSproject.CheckoutPageTest" name="UOM_Validation" time="7.047"/>
  <system-out>
    <![CDATA[UOM RL is Present in PLP]]>
  </system-out>
</testsuite> <!-- SRSproject.SRSproject.CheckoutPageTest -->
