<?xml version="1.0" encoding="UTF-8"?>
<!-- Generated by org.testng.reporters.JUnitReportReporter -->
<testsuite skipped="0" hostname="DESKTOP-MMCCJ5V" name="SRSproject.SRSproject.ProductListPageTest" tests="2" failures="0" timestamp="2022-05-17T16:52:49 IST" time="106.169" errors="0">
  <testcase name="PLP_RegisterRedirection_GuestValidation" time="33.901" classname="SRSproject.SRSproject.ProductListPageTest"/>
  <system-out/>
  <testcase name="AddToCart_Validation" time="72.268" classname="SRSproject.SRSproject.ProductListPageTest"/>
  <system-out/>
</testsuite> <!-- SRSproject.SRSproject.ProductListPageTest -->
