<?xml version="1.0" encoding="UTF-8"?>
<!-- Generated by org.testng.reporters.JUnitReportReporter -->
<testsuite hostname="L295-W-MARIRAJP" failures="0" tests="1" name="SRSproject.LoginTests.UnAuthorizedAccessToEmsco" time="10.859" errors="0" timestamp="2022-05-02T18:56:23 IST" skipped="0">
  <testcase classname="SRSproject.LoginTests.UnAuthorizedAccessToEmsco" name="AccessQPS" time="10.859"/>
  <system-out/>
</testsuite> <!-- SRSproject.LoginTests.UnAuthorizedAccessToEmsco -->
