<?xml version="1.0" encoding="UTF-8"?>
<!-- Generated by org.testng.reporters.JUnitReportReporter -->
<testsuite skipped="0" hostname="DESKTOP-MMCCJ5V" name="SRSproject.SRSproject.ProductListPageTest" tests="2" failures="0" timestamp="2022-05-17T13:41:24 IST" time="118.229" errors="0">
  <testcase name="PLP_RegisterRedirection_GuestValidation" time="47.938" classname="SRSproject.SRSproject.ProductListPageTest"/>
  <system-out/>
  <testcase name="AddToCart_Validation" time="70.291" classname="SRSproject.SRSproject.ProductListPageTest"/>
  <system-out/>
</testsuite> <!-- SRSproject.SRSproject.ProductListPageTest -->
