<?xml version="1.0" encoding="UTF-8"?>
<!-- Generated by org.testng.reporters.JUnitReportReporter -->
<testsuite hostname="L295-W-MARIRAJP" failures="0" tests="4" name="SRSproject.SRSproject.LoginTest" time="60.743" errors="0" timestamp="2022-05-02T18:56:23 IST" skipped="2">
  <testcase classname="SRSproject.SRSproject.LoginTest" name="LoginValidation" time="41.360"/>
  <system-out/>
  <testcase classname="SRSproject.SRSproject.LoginTest" name="UnApprovedLoginValidation" time="19.383"/>
  <system-out/>
  <testcase classname="SRSproject.SRSproject.LoginTest" name="LoginFromPLP">
    <skipped/>
  </testcase> <!-- LoginFromPLP -->
  <system-out/>
  <testcase classname="SRSproject.SRSproject.LoginTest" name="LoginFromPDP">
    <skipped/>
  </testcase> <!-- LoginFromPDP -->
  <system-out/>
</testsuite> <!-- SRSproject.SRSproject.LoginTest -->
