<?xml version="1.0" encoding="UTF-8"?>
<!-- Generated by org.testng.reporters.JUnitReportReporter -->
<testsuite hostname="L295-W-MARIRAJP" failures="0" tests="2" name="SRSproject.LoginTests.ApprovedLoginTest" time="87.452" errors="0" timestamp="2022-03-28T17:15:59 IST" skipped="0">
  <testcase classname="SRSproject.LoginTests.ApprovedLoginTest" name="LoginValidationFIS" time="38.205"/>
  <system-out/>
  <testcase classname="SRSproject.LoginTests.ApprovedLoginTest" name="LoginValidationCPS" time="49.247"/>
  <system-out/>
</testsuite> <!-- SRSproject.LoginTests.ApprovedLoginTest -->
