<?xml version="1.0" encoding="UTF-8"?>
<!-- Generated by org.testng.reporters.JUnitReportReporter -->
<testsuite skipped="0" hostname="DESKTOP-MMCCJ5V" name="SRSproject.SRSproject.ProductListPageTest" tests="2" failures="0" timestamp="2022-05-17T17:59:03 IST" time="105.554" errors="0">
  <testcase name="PLP_RegisterRedirection_GuestValidation" time="36.559" classname="SRSproject.SRSproject.ProductListPageTest"/>
  <system-out/>
  <testcase name="AddToCart_Validation" time="68.995" classname="SRSproject.SRSproject.ProductListPageTest"/>
  <system-out/>
</testsuite> <!-- SRSproject.SRSproject.ProductListPageTest -->
