<?xml version="1.0" encoding="UTF-8"?>
<!-- Generated by org.testng.reporters.JUnitReportReporter -->
<testsuite hostname="L295-W-MARIRAJP" failures="0" tests="8" name="SRSproject.SRSproject.ReorderPadViewAccessrights" time="192.701" errors="0" timestamp="2022-06-23T10:27:33 IST" skipped="0">
  <testcase classname="SRSproject.SRSproject.ReorderPadViewAccessrights" name="ReorderPage_Redirection" time="33.010"/>
  <system-out/>
  <testcase classname="SRSproject.SRSproject.ReorderPadViewAccessrights" name="UploadCSV_and_share_acess_is_enabled_or_not" time="0.047"/>
  <system-out/>
  <testcase classname="SRSproject.SRSproject.ReorderPadViewAccessrights" name="View_Validation_add_ReorderpadProducts_to_cart" time="40.684"/>
  <system-out/>
  <testcase classname="SRSproject.SRSproject.ReorderPadViewAccessrights" name="Add_to_Reorder_Pad_from_cartPage" time="45.813"/>
  <system-out/>
  <testcase classname="SRSproject.SRSproject.ReorderPadViewAccessrights" name="Add_Product_to_ReorderPad_from_PLP" time="16.122"/>
  <system-out/>
  <testcase classname="SRSproject.SRSproject.ReorderPadViewAccessrights" name="Add_Product_to_ReorderPad_from_PDP" time="16.457"/>
  <system-out/>
  <testcase classname="SRSproject.SRSproject.ReorderPadViewAccessrights" name="Add_Product_to_ReorderPad_from_Invoice" time="25.175"/>
  <system-out/>
  <testcase classname="SRSproject.SRSproject.ReorderPadViewAccessrights" name="Add_Product_to_ReorderPad_from_Open_order" time="15.393"/>
  <system-out/>
</testsuite> <!-- SRSproject.SRSproject.ReorderPadViewAccessrights -->
