<?xml version="1.0" encoding="UTF-8"?>
<!-- Generated by org.testng.reporters.JUnitReportReporter -->
<testsuite skipped="1" hostname="DESKTOP-MMCCJ5V" name="SRSproject.SRSproject.ProductListPageTest" tests="3" failures="0" timestamp="2022-06-06T11:41:16 IST" time="258.930" errors="0">
  <testcase name="PLP_RegisterRedirection_GuestValidation" time="113.330" classname="SRSproject.SRSproject.ProductListPageTest"/>
  <system-out/>
  <testcase name="AddToCart_Validation" time="145.600" classname="SRSproject.SRSproject.ProductListPageTest"/>
  <system-out/>
  <testcase name="Recently_viewedItems_validation" classname="SRSproject.SRSproject.ProductListPageTest">
    <skipped/>
  </testcase> <!-- Recently_viewedItems_validation -->
  <system-out/>
</testsuite> <!-- SRSproject.SRSproject.ProductListPageTest -->
