<?xml version="1.0" encoding="UTF-8"?>
<!-- Generated by org.testng.reporters.JUnitReportReporter -->
<testsuite hostname="DESKTOP-MMCCJ5V" failures="0" tests="2" name="SRSproject.SRSproject.AccountDashboardPageTest" time="131.008" errors="0" timestamp="2022-07-11T22:01:06 IST" skipped="0">
  <testcase classname="SRSproject.SRSproject.AccountDashboardPageTest" name="Account" time="95.505"/>
  <system-out/>
  <testcase classname="SRSproject.SRSproject.AccountDashboardPageTest" name="DashBoard" time="35.503"/>
  <system-out/>
</testsuite> <!-- SRSproject.SRSproject.AccountDashboardPageTest -->
