<?xml version="1.0" encoding="UTF-8"?>
<!-- Generated by org.testng.reporters.JUnitReportReporter -->
<testsuite hostname="L295-W-MARIRAJP" failures="0" tests="7" name="SRSproject.SRSproject.BulkOrderPadTest" time="133.729" errors="0" timestamp="2022-05-04T12:48:35 IST" skipped="0">
  <testcase classname="SRSproject.SRSproject.BulkOrderPadTest" name="BulOrder_Redirection" time="39.641"/>
  <system-out/>
  <testcase classname="SRSproject.SRSproject.BulkOrderPadTest" name="AddItemtoBulkOrder_Validation" time="26.571"/>
  <system-out>
    <![CDATA[Items added to bulk order as expected]]>
  </system-out>
  <testcase classname="SRSproject.SRSproject.BulkOrderPadTest" name="AddNewLineItem_Validation" time="18.611"/>
  <system-out>
    <![CDATA[Items added to bulk order as expected]]>
  </system-out>
  <testcase classname="SRSproject.SRSproject.BulkOrderPadTest" name="UpdateQunatity_Validation" time="1.246"/>
  <system-out>
    <![CDATA[Items added to bulk order as expected]]>
  </system-out>
  <testcase classname="SRSproject.SRSproject.BulkOrderPadTest" name="AddAll_ItemToCart_Validation" time="1.213"/>
  <system-out>
    <![CDATA[Items added to cart]]>
  </system-out>
  <testcase classname="SRSproject.SRSproject.BulkOrderPadTest" name="ListofItem_Validation" time="25.943"/>
  <system-out>
    <![CDATA[Items are uploaded]]>
  </system-out>
  <testcase classname="SRSproject.SRSproject.BulkOrderPadTest" name="InValid_FileUpload_Validation" time="20.504"/>
  <system-out>
    <![CDATA[Valid Items are uploaded]]>
  </system-out>
</testsuite> <!-- SRSproject.SRSproject.BulkOrderPadTest -->
