<?xml version="1.0" encoding="UTF-8"?>
<!-- Generated by org.testng.reporters.JUnitReportReporter -->
<testsuite hostname="DESKTOP-MMCCJ5V" failures="0" tests="1" name="SRSproject.SRSproject.Cart_With30_ProductsTest" time="173.153" errors="0" timestamp="2022-07-14T17:05:54 IST" skipped="0">
  <testcase classname="SRSproject.SRSproject.Cart_With30_ProductsTest" name="Checkout_MoreProducts_Validation" time="173.153"/>
  <system-out>
    <![CDATA[Checkout]]>
  </system-out>
</testsuite> <!-- SRSproject.SRSproject.Cart_With30_ProductsTest -->
