<?xml version="1.0" encoding="UTF-8"?>
<!-- Generated by org.testng.reporters.JUnitReportReporter -->
<testsuite hostname="DESKTOP-MMCCJ5V" failures="0" tests="2" name="SRSproject.SRSproject.ChangeBranch_shipto_Test" time="122.881" errors="0" timestamp="2022-07-12T10:34:20 IST" skipped="0">
  <testcase classname="SRSproject.SRSproject.ChangeBranch_shipto_Test" name="Change_Shito_Validation" time="90.649"/>
  <system-out/>
  <testcase classname="SRSproject.SRSproject.ChangeBranch_shipto_Test" name="ChangeBranch_Validation" time="32.232"/>
  <system-out/>
</testsuite> <!-- SRSproject.SRSproject.ChangeBranch_shipto_Test -->
