<?xml version="1.0" encoding="UTF-8"?>
<!-- Generated by org.testng.reporters.JUnitReportReporter -->
<testsuite hostname="L295-W-MARIRAJP" failures="0" tests="16" name="SRSproject.SRSproject.RegistrationFormTest" time="164.672" errors="0" timestamp="2022-05-03T16:33:27 IST" skipped="1">
  <testcase classname="SRSproject.SRSproject.RegistrationFormTest" name="RegistrationForm_RegisternowRedirectionValidation" time="3.718"/>
  <system-out/>
  <testcase classname="SRSproject.SRSproject.RegistrationFormTest" name="RegistrationForm_BrandFieldDisplayed" time="0.037"/>
  <system-out/>
  <testcase classname="SRSproject.SRSproject.RegistrationFormTest" name="RegistrationForm_KnowMyHeritagePlusAccount" time="0.613"/>
  <system-out/>
  <testcase classname="SRSproject.SRSproject.RegistrationFormTest" name="RegistrationForm_Dont_KnowMyHeritagePlusAccountValidation" time="1.111"/>
  <system-out/>
  <testcase classname="SRSproject.SRSproject.RegistrationFormTest" name="RegistrationForm_DontHave_MyHeritagePlusAccountValidation" time="0.606"/>
  <system-out/>
  <testcase classname="SRSproject.SRSproject.RegistrationFormTest" name="RegistrationForm_AccountInfoSelectionValidation" time="2.214"/>
  <system-out/>
  <testcase classname="SRSproject.SRSproject.RegistrationFormTest" name="RegistrationForm_yes_Industrial_ProfessionalValidation" time="0.624"/>
  <system-out/>
  <testcase classname="SRSproject.SRSproject.RegistrationFormTest" name="RegistrationForm_Not_Industrial_ProfessionalValidation" time="0.614"/>
  <system-out/>
  <testcase classname="SRSproject.SRSproject.RegistrationFormTest" name="RegistrationForm_GLobalsite_FieldErrorValidation" time="1.836"/>
  <system-out/>
  <testcase classname="SRSproject.SRSproject.RegistrationFormTest" name="RegistrationForm_GLobalsite_IncorrectEmailValidation" time="1.349"/>
  <system-out/>
  <testcase classname="SRSproject.SRSproject.RegistrationFormTest" name="RegistrationForm_GLobalsite_ExistingEmailValidation" time="5.255"/>
  <system-out/>
  <testcase classname="SRSproject.SRSproject.RegistrationFormTest" name="RegistrationForm_GLobalsite_TermNotCheckedValidation" time="0.033"/>
  <system-out/>
  <testcase classname="SRSproject.SRSproject.RegistrationFormTest" name="RegistrationForm_FIS_BrandAndBranchValidation" time="32.334"/>
  <system-out/>
  <testcase classname="SRSproject.SRSproject.RegistrationFormTest" name="RegistrationForm_CPS_BrandAndBranchValidation" time="32.282"/>
  <system-out/>
  <testcase classname="SRSproject.SRSproject.RegistrationFormTest" name="RegistrationForm_KnowHertiageAccount_RegistrationValidation" time="82.046"/>
  <system-out/>
  <testcase classname="SRSproject.SRSproject.RegistrationFormTest" name="RegistrationForm_DontKnowHertiageAccount_RegistrationValidation">
    <skipped/>
  </testcase> <!-- RegistrationForm_DontKnowHertiageAccount_RegistrationValidation -->
  <system-out/>
</testsuite> <!-- SRSproject.SRSproject.RegistrationFormTest -->
