<?xml version="1.0" encoding="UTF-8"?>
<!-- Generated by org.testng.reporters.JUnitReportReporter -->
<testsuite hostname="L295-W-MARIRAJP" failures="0" tests="1" name="SRSproject.SRSproject.Invoice" time="25.204" errors="0" timestamp="2022-05-10T18:42:39 IST" skipped="0">
  <testcase classname="SRSproject.SRSproject.Invoice" name="invoices" time="25.204"/>
  <system-out/>
</testsuite> <!-- SRSproject.SRSproject.Invoice -->
