<?xml version="1.0" encoding="UTF-8"?>
<!-- Generated by org.testng.reporters.JUnitReportReporter -->
<testsuite skipped="0" hostname="DESKTOP-MMCCJ5V" name="SRSproject.LoginTests.ApprovedLoginTest" tests="1" failures="0" timestamp="2022-05-23T10:55:06 IST" time="19.060" errors="0">
  <testcase name="LoginValidationQPS" time="19.060" classname="SRSproject.LoginTests.ApprovedLoginTest"/>
  <system-out/>
</testsuite> <!-- SRSproject.LoginTests.ApprovedLoginTest -->
