<?xml version="1.0" encoding="UTF-8"?>
<!-- Generated by org.testng.reporters.JUnitReportReporter -->
<testsuite hostname="L295-W-MARIRAJP" failures="0" tests="7" name="SRSproject.SRSproject.ReorderpadaccesrightsTest" time="232.550" errors="0" timestamp="2022-06-17T13:35:41 IST" skipped="0">
  <testcase classname="SRSproject.SRSproject.ReorderpadaccesrightsTest" name="ReorderPage_Redirection" time="31.451"/>
  <system-out/>
  <testcase classname="SRSproject.SRSproject.ReorderpadaccesrightsTest" name="UploadFile_Redirection_add_a_product_using_search" time="38.428"/>
  <system-out/>
  <testcase classname="SRSproject.SRSproject.ReorderpadaccesrightsTest" name="SaveAnReorderList_Validation" time="11.746"/>
  <system-out/>
  <testcase classname="SRSproject.SRSproject.ReorderpadaccesrightsTest" name="View_Validation_Reorderpad_to_cart" time="39.348"/>
  <system-out/>
  <testcase classname="SRSproject.SRSproject.ReorderpadaccesrightsTest" name="Add_to_Reorder_Pad_in_cartPage" time="70.222"/>
  <system-out>
    <![CDATA[Items are added from cart to Reorder List selected]]>
  </system-out>
  <testcase classname="SRSproject.SRSproject.ReorderpadaccesrightsTest" name="Add_Product_to_ReorderPad_from_PLP" time="20.505"/>
  <system-out/>
  <testcase classname="SRSproject.SRSproject.ReorderpadaccesrightsTest" name="Add_Product_to_ReorderPad_from_PDP" time="20.850"/>
  <system-out/>
</testsuite> <!-- SRSproject.SRSproject.ReorderpadaccesrightsTest -->
