<?xml version="1.0" encoding="UTF-8"?>
<!-- Generated by org.testng.reporters.JUnitReportReporter -->
<testsuite skipped="0" hostname="DESKTOP-MMCCJ5V" name="SRSproject.SRSproject.CartPageTest" tests="6" failures="0" timestamp="2022-05-16T17:11:45 IST" time="143.468" errors="0">
  <testcase name="MiniCartToCartPage_Redirection" time="57.270" classname="SRSproject.SRSproject.CartPageTest"/>
  <system-out/>
  <testcase name="ProductInformationValidation" time="25.793" classname="SRSproject.SRSproject.CartPageTest"/>
  <system-out>
    <![CDATA[Items price is same in PDP and Cart Page i.e Cart Price : 10.2 = PDP Price : 10.2]]>
  </system-out>
  <testcase name="CartSubtotalValidationfn" time="0.264" classname="SRSproject.SRSproject.CartPageTest"/>
  <system-out/>
  <testcase name="CartUpdateValidation" time="8.317" classname="SRSproject.SRSproject.CartPageTest"/>
  <system-out/>
  <testcase name="AddItemToCart_Validation" time="28.401" classname="SRSproject.SRSproject.CartPageTest"/>
  <system-out/>
  <testcase name="Reorder_Validation" time="23.423" classname="SRSproject.SRSproject.CartPageTest"/>
  <system-out>
    <![CDATA[Items are added from cart to Reorder List selected]]>
  </system-out>
</testsuite> <!-- SRSproject.SRSproject.CartPageTest -->
