<?xml version="1.0" encoding="UTF-8"?>
<!-- Generated by org.testng.reporters.JUnitReportReporter -->
<testsuite hostname="L295-W-MARIRAJP" failures="0" tests="2" name="SRSproject.SRSproject.MyAccountPageTest" time="356.572" errors="0" timestamp="2022-06-30T13:14:37 IST" skipped="0">
  <testcase classname="SRSproject.SRSproject.MyAccountPageTest" name="Account" time="160.244"/>
  <system-out/>
  <testcase classname="SRSproject.SRSproject.MyAccountPageTest" name="ChangeBranch" time="196.328"/>
  <system-out/>
</testsuite> <!-- SRSproject.SRSproject.MyAccountPageTest -->
