<?xml version="1.0" encoding="UTF-8"?>
<!-- Generated by org.testng.reporters.JUnitReportReporter -->
<testsuite hostname="L295-W-MARIRAJP" failures="0" tests="1" name="SRSproject.LoginTests.UnAuthorizedAccessToQPS" time="20.106" errors="0" timestamp="2022-04-22T12:05:30 IST" skipped="0">
  <testcase classname="SRSproject.LoginTests.UnAuthorizedAccessToQPS" name="AccessPCS" time="20.106"/>
  <system-out/>
</testsuite> <!-- SRSproject.LoginTests.UnAuthorizedAccessToQPS -->
