<?xml version="1.0" encoding="UTF-8"?>
<!-- Generated by org.testng.reporters.JUnitReportReporter -->
<testsuite skipped="0" hostname="DESKTOP-MMCCJ5V" name="SRSproject.SRSproject.ProductListPageTest" tests="1" failures="0" timestamp="2022-05-17T10:41:15 IST" time="33.898" errors="0">
  <testcase name="PLP_RegisterRedirection_GuestValidation" time="33.898" classname="SRSproject.SRSproject.ProductListPageTest"/>
  <system-out/>
</testsuite> <!-- SRSproject.SRSproject.ProductListPageTest -->
