<?xml version="1.0" encoding="UTF-8"?>
<!-- Generated by org.testng.reporters.JUnitReportReporter -->
<testsuite hostname="DESKTOP-MMCCJ5V" failures="0" tests="1" name="SRSproject.SRSproject.HomePage_Brands_Test" time="5.929" errors="0" timestamp="2022-07-06T16:21:43 IST" skipped="0">
  <testcase classname="SRSproject.SRSproject.HomePage_Brands_Test" name="homepageglobal" time="5.929"/>
  <system-out/>
</testsuite> <!-- SRSproject.SRSproject.HomePage_Brands_Test -->
