<?xml version="1.0" encoding="UTF-8"?>
<!-- Generated by org.testng.reporters.JUnitReportReporter -->
<testsuite hostname="L295-W-MARIRAJP" failures="0" tests="3" name="SRSproject.SRSproject.CheckoutPageTest" time="54.285" errors="0" timestamp="2022-05-03T13:02:22 IST" skipped="0">
  <testcase classname="SRSproject.SRSproject.CheckoutPageTest" name="CartToCheckout_Validation" time="49.181"/>
  <system-out>
    <![CDATA[Checkout]]>
  </system-out>
  <testcase classname="SRSproject.SRSproject.CheckoutPageTest" name="Date_Validation" time="3.761"/>
  <system-out/>
  <testcase classname="SRSproject.SRSproject.CheckoutPageTest" name="ProductList_Validation" time="1.343"/>
  <system-out>
    <![CDATA[Items in Cart are all added to Checkout Page successfully]]>
  </system-out>
</testsuite> <!-- SRSproject.SRSproject.CheckoutPageTest -->
