<?xml version="1.0" encoding="UTF-8"?>
<!-- Generated by org.testng.reporters.JUnitReportReporter -->
<testsuite hostname="L295-W-MARIRAJP" failures="0" tests="3" name="SRSproject.SRSproject.CheckoutPlaceorder" time="106.883" errors="0" timestamp="2022-05-10T17:21:08 IST" skipped="1">
  <testcase classname="SRSproject.SRSproject.CheckoutPlaceorder" name="AddingItemToCart" time="77.076"/>
  <system-out/>
  <testcase classname="SRSproject.SRSproject.CheckoutPlaceorder" name="CheckoutValidation" time="29.807"/>
  <system-out>
    <![CDATA[Checkout]]>
  </system-out>
  <testcase classname="SRSproject.SRSproject.CheckoutPlaceorder" name="placeorder_holdorder">
    <skipped/>
  </testcase> <!-- placeorder_holdorder -->
  <system-out/>
</testsuite> <!-- SRSproject.SRSproject.CheckoutPlaceorder -->
