<?xml version="1.0" encoding="UTF-8"?>
<!-- Generated by org.testng.reporters.JUnitReportReporter -->
<testsuite hostname="L295-W-MARIRAJP" failures="0" tests="4" name="SRSproject.SRSproject.CheckoutPageTest" time="96.376" errors="0" timestamp="2022-07-05T13:51:36 IST" skipped="0">
  <testcase classname="SRSproject.SRSproject.CheckoutPageTest" name="CartToCheckout_Validation" time="52.774"/>
  <system-out/>
  <testcase classname="SRSproject.SRSproject.CheckoutPageTest" name="Date_Validation" time="4.885"/>
  <system-out/>
  <testcase classname="SRSproject.SRSproject.CheckoutPageTest" name="ProductList_Validation" time="31.677"/>
  <system-out/>
  <testcase classname="SRSproject.SRSproject.CheckoutPageTest" name="UOM_Validation" time="7.040"/>
  <system-out>
    <![CDATA[UOM EA is Present in PLP]]>
  </system-out>
</testsuite> <!-- SRSproject.SRSproject.CheckoutPageTest -->
