<?xml version="1.0" encoding="UTF-8"?>
<!-- Generated by org.testng.reporters.JUnitReportReporter -->
<testsuite hostname="DESKTOP-MMCCJ5V" failures="0" tests="9" name="SRSproject.SRSproject.InvoiceTest" time="292.674" errors="0" timestamp="2022-07-12T10:48:27 IST" skipped="0">
  <testcase classname="SRSproject.SRSproject.InvoiceTest" name="invoices" time="54.608"/>
  <system-out/>
  <testcase classname="SRSproject.SRSproject.InvoiceTest" name="DropdownPagesSelected" time="1.868"/>
  <system-out/>
  <testcase classname="SRSproject.SRSproject.InvoiceTest" name="InvoiceSearchUsingInvoice_No_Po_No" time="46.789"/>
  <system-out/>
  <testcase classname="SRSproject.SRSproject.InvoiceTest" name="InvoiceNumbervalidation" time="17.552"/>
  <system-out/>
  <testcase classname="SRSproject.SRSproject.InvoiceTest" name="CheckBox" time="40.878"/>
  <system-out/>
  <testcase classname="SRSproject.SRSproject.InvoiceTest" name="Invoice_SecondPage_Listing" time="39.592"/>
  <system-out/>
  <testcase classname="SRSproject.SRSproject.InvoiceTest" name="DownlodFileInvoiceCSV" time="58.823"/>
  <system-out/>
  <testcase classname="SRSproject.SRSproject.InvoiceTest" name="DownlodFileInvoiceXL" time="25.333"/>
  <system-out/>
  <testcase classname="SRSproject.SRSproject.InvoiceTest" name="Downloaded_File_validation" time="7.231"/>
  <system-out/>
</testsuite> <!-- SRSproject.SRSproject.InvoiceTest -->
