<?xml version="1.0" encoding="UTF-8"?>
<!-- Generated by org.testng.reporters.JUnitReportReporter -->
<testsuite hostname="DESKTOP-MMCCJ5V" failures="0" tests="15" name="SRSproject.SRSproject.RegistrationFormTest" time="306.996" errors="0" timestamp="2022-07-11T22:01:06 IST" skipped="0">
  <testcase classname="SRSproject.SRSproject.RegistrationFormTest" name="RegistrationForm_RegisternowRedirectionValidation" time="8.035"/>
  <system-out/>
  <testcase classname="SRSproject.SRSproject.RegistrationFormTest" name="RegistrationForm_BrandFieldDisplayed" time="0.089"/>
  <system-out/>
  <testcase classname="SRSproject.SRSproject.RegistrationFormTest" name="RegistrationForm_KnowMyHeritagePlusAccount" time="1.697"/>
  <system-out/>
  <testcase classname="SRSproject.SRSproject.RegistrationFormTest" name="RegistrationForm_Dont_KnowMyHeritagePlusAccountValidation" time="2.221"/>
  <system-out/>
  <testcase classname="SRSproject.SRSproject.RegistrationFormTest" name="RegistrationForm_AccountInfoSelectionValidation" time="2.785"/>
  <system-out/>
  <testcase classname="SRSproject.SRSproject.RegistrationFormTest" name="RegistrationForm_GLobalsite_FieldErrorValidation" time="2.021"/>
  <system-out/>
  <testcase classname="SRSproject.SRSproject.RegistrationFormTest" name="RegistrationForm_GLobalsite_PhoneNoValidation" time="0.123"/>
  <system-out/>
  <testcase classname="SRSproject.SRSproject.RegistrationFormTest" name="RegistrationForm_GLobalsite_IncorrectEmailValidation" time="1.673"/>
  <system-out/>
  <testcase classname="SRSproject.SRSproject.RegistrationFormTest" name="RegistrationForm_GLobalsite_ExistingEmailValidation" time="15.446"/>
  <system-out/>
  <testcase classname="SRSproject.SRSproject.RegistrationFormTest" name="RegistrationForm_GLobalsite_TermNotCheckedValidation" time="0.054"/>
  <system-out/>
  <testcase classname="SRSproject.SRSproject.RegistrationFormTest" name="RegistrationForm_CPS__BrandAndBranchValidation" time="33.750"/>
  <system-out/>
  <testcase classname="SRSproject.SRSproject.RegistrationFormTest" name="RegistrationForm_FIS_BrandAndBranchValidation" time="30.913"/>
  <system-out/>
  <testcase classname="SRSproject.SRSproject.RegistrationFormTest" name="RegistrationForm_WCC_BrandAndBranchValidation" time="28.736"/>
  <system-out/>
  <testcase classname="SRSproject.SRSproject.RegistrationFormTest" name="RegistrationForm_DontKnowHertiageAccount_RegistrationValidation" time="95.115"/>
  <system-out/>
  <testcase classname="SRSproject.SRSproject.RegistrationFormTest" name="RegistrationForm_KnowHertiageAccount_RegistrationValidation" time="84.338"/>
  <system-out/>
</testsuite> <!-- SRSproject.SRSproject.RegistrationFormTest -->
