<?xml version="1.0" encoding="UTF-8"?>
<!-- Generated by org.testng.reporters.JUnitReportReporter -->
<testsuite hostname="L295-W-MARIRAJP" failures="0" tests="1" name="SRSproject.SRSproject.LoadTimeCalculation" time="12.829" errors="0" timestamp="2022-05-12T16:45:19 IST" skipped="0">
  <testcase classname="SRSproject.SRSproject.LoadTimeCalculation" name="LoadTime" time="12.829"/>
  <system-out/>
</testsuite> <!-- SRSproject.SRSproject.LoadTimeCalculation -->
