<?xml version="1.0" encoding="UTF-8"?>
<!-- Generated by org.testng.reporters.JUnitReportReporter -->
<testsuite hostname="L295-W-MARIRAJP" failures="0" tests="2" name="SRSproject.SRSproject.ProductListPageTest" time="61.822" errors="0" timestamp="2022-05-03T09:51:25 IST" skipped="1">
  <testcase classname="SRSproject.SRSproject.ProductListPageTest" name="AddToCart_Validation" time="61.822"/>
  <system-out/>
  <testcase classname="SRSproject.SRSproject.ProductListPageTest" name="PLP_RegisterRedirection_GuestValidation">
    <skipped/>
  </testcase> <!-- PLP_RegisterRedirection_GuestValidation -->
  <system-out/>
</testsuite> <!-- SRSproject.SRSproject.ProductListPageTest -->
