<?xml version="1.0" encoding="UTF-8"?>
<!-- Generated by org.testng.reporters.JUnitReportReporter -->
<testsuite hostname="DESKTOP-MMCCJ5V" failures="0" tests="10" name="SRSproject.SRSproject.HomePage_Brands_Test" time="230.791" errors="0" timestamp="2022-07-12T10:34:20 IST" skipped="0">
  <testcase classname="SRSproject.SRSproject.HomePage_Brands_Test" name="homepageglobal" time="25.234"/>
  <system-out/>
  <testcase classname="SRSproject.SRSproject.HomePage_Brands_Test" name="CategorySelection_Validation" time="15.555"/>
  <system-out/>
  <testcase classname="SRSproject.SRSproject.HomePage_Brands_Test" name="Logo_Validation" time="10.399"/>
  <system-out/>
  <testcase classname="SRSproject.SRSproject.HomePage_Brands_Test" name="siteMap_Redirection_Validation" time="23.320"/>
  <system-out/>
  <testcase classname="SRSproject.SRSproject.HomePage_Brands_Test" name="Terms_Redirection_Validation" time="23.051"/>
  <system-out/>
  <testcase classname="SRSproject.SRSproject.HomePage_Brands_Test" name="Search_Keyword_Autosuggestion" time="14.027"/>
  <system-out>
Items are listed in autosuggestion on Search by Keyword  </system-out>
  <testcase classname="SRSproject.SRSproject.HomePage_Brands_Test" name="Search_PartNo_Autosuggestion" time="10.973"/>
  <system-out>
Items are listed in autosuggestion on Search by Part No  </system-out>
  <testcase classname="SRSproject.SRSproject.HomePage_Brands_Test" name="Search_KeywordValidation" time="29.313"/>
  <system-out>
Items are listed in search result page   </system-out>
  <testcase classname="SRSproject.SRSproject.HomePage_Brands_Test" name="Legacy_No_Autosuggestion" time="46.841"/>
  <system-out>
Items are listed in autosuggestion on Search by legacy no  </system-out>
  <testcase classname="SRSproject.SRSproject.HomePage_Brands_Test" name="Legacy_SearchResult_Validation" time="32.078"/>
  <system-out>
Items are listed in search result page   </system-out>
</testsuite> <!-- SRSproject.SRSproject.HomePage_Brands_Test -->
