<?xml version="1.0" encoding="UTF-8"?>
<!-- Generated by org.testng.reporters.JUnitReportReporter -->
<testsuite hostname="L295-W-MARIRAJP" failures="0" tests="1" name="SRSproject.SRSproject.GlobalMultibrandLogin" time="19.958" errors="0" timestamp="2022-05-23T17:31:24 IST" skipped="0">
  <testcase classname="SRSproject.SRSproject.GlobalMultibrandLogin" name="ValidLogin" time="19.958"/>
  <system-out/>
</testsuite> <!-- SRSproject.SRSproject.GlobalMultibrandLogin -->
