<?xml version="1.0" encoding="UTF-8"?>
<!-- Generated by org.testng.reporters.JUnitReportReporter -->
<testsuite hostname="L295-W-MARIRAJP" failures="0" tests="5" name="SRSproject.SRSproject.LoginTest" time="265.892" errors="0" timestamp="2022-06-09T13:15:59 IST" skipped="0">
  <testcase classname="SRSproject.SRSproject.LoginTest" name="invalidLoginValidation" time="29.976"/>
  <system-out/>
  <testcase classname="SRSproject.SRSproject.LoginTest" name="LoginValidation" time="49.004"/>
  <system-out/>
  <testcase classname="SRSproject.SRSproject.LoginTest" name="UnApprovedLoginValidation" time="19.389"/>
  <system-out/>
  <testcase classname="SRSproject.SRSproject.LoginTest" name="LoginFromPLP" time="47.850"/>
  <system-out/>
  <testcase classname="SRSproject.SRSproject.LoginTest" name="LoginFromPDP" time="119.673"/>
  <system-out/>
</testsuite> <!-- SRSproject.SRSproject.LoginTest -->
