<?xml version="1.0" encoding="UTF-8"?>
<!-- Generated by org.testng.reporters.JUnitReportReporter -->
<testsuite hostname="L295-W-MARIRAJP" failures="0" tests="2" name="SRSproject.SRSproject.CompanyUserTest" time="113.426" errors="0" timestamp="2022-05-04T17:06:08 IST" skipped="0">
  <testcase classname="SRSproject.SRSproject.CompanyUserTest" name="CreateCompanyUser" time="36.919"/>
  <system-out/>
  <testcase classname="SRSproject.SRSproject.CompanyUserTest" name="AddNewUserRole" time="76.507"/>
  <system-out/>
</testsuite> <!-- SRSproject.SRSproject.CompanyUserTest -->
