<?xml version="1.0" encoding="UTF-8"?>
<!-- Generated by org.testng.reporters.JUnitReportReporter -->
<testsuite hostname="L295-W-MARIRAJP" failures="0" tests="1" name="SRSproject.SRSproject.LoadTimeCalculation" time="3.593" errors="0" timestamp="2022-05-12T18:30:59 IST" skipped="0">
  <testcase classname="SRSproject.SRSproject.LoadTimeCalculation" name="LoadTime" time="3.593"/>
  <system-out/>
</testsuite> <!-- SRSproject.SRSproject.LoadTimeCalculation -->
