<?xml version="1.0" encoding="UTF-8"?>
<!-- Generated by org.testng.reporters.JUnitReportReporter -->
<testsuite hostname="L295-W-MARIRAJP" failures="0" tests="6" name="SRSproject.SRSproject.GlobalMultibrandLogin" time="142.007" errors="0" timestamp="2022-05-26T13:27:36 IST" skipped="0">
  <testcase classname="SRSproject.SRSproject.GlobalMultibrandLogin" name="ValidMultiSelectPCS" time="28.986"/>
  <system-out/>
  <testcase classname="SRSproject.SRSproject.GlobalMultibrandLogin" name="ValidMultiSelectCPS" time="30.475"/>
  <system-out/>
  <testcase classname="SRSproject.SRSproject.GlobalMultibrandLogin" name="ValidMultiSelectFIS" time="26.497"/>
  <system-out/>
  <testcase classname="SRSproject.SRSproject.GlobalMultibrandLogin" name="ValidMultiLoginSelectQPS" time="26.030"/>
  <system-out/>
  <testcase classname="SRSproject.SRSproject.GlobalMultibrandLogin" name="InvalidMultiLogin" time="19.030"/>
  <system-out/>
  <testcase classname="SRSproject.SRSproject.GlobalMultibrandLogin" name="UnApprovedLoginMultiBrandValidation" time="10.989"/>
  <system-out/>
</testsuite> <!-- SRSproject.SRSproject.GlobalMultibrandLogin -->
