<?xml version="1.0" encoding="UTF-8"?>
<!-- Generated by org.testng.reporters.JUnitReportReporter -->
<testsuite hostname="DESKTOP-MMCCJ5V" failures="0" tests="3" name="SRSproject.SRSproject.BulkOrderPageTest100" time="173.105" errors="0" timestamp="2022-07-20T13:43:36 IST" skipped="0">
  <testcase classname="SRSproject.SRSproject.BulkOrderPageTest100" name="BulOrder_Redirection" time="22.731"/>
  <system-out/>
  <testcase classname="SRSproject.SRSproject.BulkOrderPageTest100" name="ListofItem_Validation" time="74.424"/>
  <system-out/>
  <testcase classname="SRSproject.SRSproject.BulkOrderPageTest100" name="MoreItems_Validation" time="75.950"/>
  <system-out/>
</testsuite> <!-- SRSproject.SRSproject.BulkOrderPageTest100 -->
