<?xml version="1.0" encoding="UTF-8"?>
<!-- Generated by org.testng.reporters.JUnitReportReporter -->
<testsuite hostname="L295-W-MARIRAJP" failures="0" tests="1" name="SRSproject.LoginTests.UnAuthorizedAccessToWolf" time="20.616" errors="0" timestamp="2022-05-06T15:50:13 IST" skipped="0">
  <testcase classname="SRSproject.LoginTests.UnAuthorizedAccessToWolf" name="AccessFIS" time="20.616"/>
  <system-out/>
</testsuite> <!-- SRSproject.LoginTests.UnAuthorizedAccessToWolf -->
