<?xml version="1.0" encoding="UTF-8"?>
<!-- Generated by org.testng.reporters.JUnitReportReporter -->
<testsuite hostname="L295-W-MARIRAJP" failures="0" tests="3" name="SRSproject.SRSproject.CheckoutPageTest" time="65.220" errors="0" timestamp="2022-05-11T10:28:48 IST" skipped="0">
  <testcase classname="SRSproject.SRSproject.CheckoutPageTest" name="CartToCheckout_Validation" time="54.119"/>
  <system-out>
    <![CDATA[Checkout]]>
  </system-out>
  <testcase classname="SRSproject.SRSproject.CheckoutPageTest" name="Date_Validation" time="9.665"/>
  <system-out/>
  <testcase classname="SRSproject.SRSproject.CheckoutPageTest" name="ProductList_Validation" time="1.436"/>
  <system-out>
    <![CDATA[Items in Cart are all added to Checkout Page successfully]]>
  </system-out>
</testsuite> <!-- SRSproject.SRSproject.CheckoutPageTest -->
