<?xml version="1.0" encoding="UTF-8"?>
<!-- Generated by org.testng.reporters.JUnitReportReporter -->
<testsuite hostname="DESKTOP-MMCCJ5V" failures="0" tests="3" name="SRSproject.SRSproject.CheckoutPageTest" time="103.490" errors="0" timestamp="2022-06-14T14:34:46 IST" skipped="0">
  <testcase classname="SRSproject.SRSproject.CheckoutPageTest" name="CartToCheckout_Validation" time="92.688"/>
  <system-out>
    <![CDATA[Checkout]]>
  </system-out>
  <testcase classname="SRSproject.SRSproject.CheckoutPageTest" name="Date_Validation" time="4.944"/>
  <system-out/>
  <testcase classname="SRSproject.SRSproject.CheckoutPageTest" name="ProductList_Validation" time="5.858"/>
  <system-out/>
</testsuite> <!-- SRSproject.SRSproject.CheckoutPageTest -->
