<?xml version="1.0" encoding="UTF-8"?>
<!-- Generated by org.testng.reporters.JUnitReportReporter -->
<testsuite skipped="1" hostname="DESKTOP-MMCCJ5V" name="SRSproject.SRSproject.BrandPageTest" tests="6" failures="0" timestamp="2022-06-29T12:00:29 IST" time="148.997" errors="0">
  <testcase name="BandsHeaderValid" time="44.076" classname="SRSproject.SRSproject.BrandPageTest"/>
  <system-out/>
  <testcase name="allBrandsValid" time="27.841" classname="SRSproject.SRSproject.BrandPageTest"/>
  <system-out/>
  <testcase name="SearchBrandName" time="27.862" classname="SRSproject.SRSproject.BrandPageTest"/>
  <system-out/>
  <testcase name="SearchBrandNamePCS" time="19.324" classname="SRSproject.SRSproject.BrandPageTest"/>
  <system-out/>
  <testcase name="SearchBrandNameQPS" time="29.894" classname="SRSproject.SRSproject.BrandPageTest"/>
  <system-out/>
  <testcase name="SearchBrandNamePEP" classname="SRSproject.SRSproject.BrandPageTest">
    <skipped/>
  </testcase> <!-- SearchBrandNamePEP -->
  <system-out/>
</testsuite> <!-- SRSproject.SRSproject.BrandPageTest -->
