<?xml version="1.0" encoding="UTF-8"?>
<!-- Generated by org.testng.reporters.JUnitReportReporter -->
<testsuite hostname="L295-W-MARIRAJP" failures="0" tests="1" name="SRSproject.LoginTests.UnAuthorizedAccessToFIS" time="26.298" errors="0" timestamp="2022-05-06T16:22:11 IST" skipped="0">
  <testcase classname="SRSproject.LoginTests.UnAuthorizedAccessToFIS" name="AccessCPS" time="26.298"/>
  <system-out/>
</testsuite> <!-- SRSproject.LoginTests.UnAuthorizedAccessToFIS -->
