<?xml version="1.0" encoding="UTF-8"?>
<!-- Generated by org.testng.reporters.JUnitReportReporter -->
<testsuite hostname="L295-W-MARIRAJP" failures="0" tests="2" name="SRSproject.SRSproject.BrandLoginMultiBrandTest" time="155.353" errors="0" timestamp="2022-04-22T13:19:52 IST" skipped="0">
  <testcase classname="SRSproject.SRSproject.BrandLoginMultiBrandTest" name="MultiBrandChangeValidation" time="52.427"/>
  <system-out/>
  <testcase classname="SRSproject.SRSproject.BrandLoginMultiBrandTest" name="MultiBrandLoginValidation" time="102.926"/>
  <system-out/>
</testsuite> <!-- SRSproject.SRSproject.BrandLoginMultiBrandTest -->
