<?xml version="1.0" encoding="UTF-8"?>
<!-- Generated by org.testng.reporters.JUnitReportReporter -->
<testsuite hostname="L295-W-MARIRAJP" failures="0" tests="1" name="SRSproject.LoginTests.UnAuthorizedAccessToTPS" time="3.031" errors="0" timestamp="2022-05-17T09:49:22 IST" skipped="0">
  <testcase classname="SRSproject.LoginTests.UnAuthorizedAccessToTPS" name="AccessQPS" time="3.031"/>
  <system-out/>
</testsuite> <!-- SRSproject.LoginTests.UnAuthorizedAccessToTPS -->
