<?xml version="1.0" encoding="UTF-8"?>
<!-- Generated by org.testng.reporters.JUnitReportReporter -->
<testsuite hostname="L295-W-MARIRAJP" failures="0" tests="6" name="SRSproject.SRSproject.CartPageTest" time="116.078" errors="0" timestamp="2022-05-03T09:51:25 IST" skipped="0">
  <testcase classname="SRSproject.SRSproject.CartPageTest" name="MiniCartToCartPage_Redirection" time="53.342"/>
  <system-out/>
  <testcase classname="SRSproject.SRSproject.CartPageTest" name="ProductInformationValidation" time="20.598"/>
  <system-out>
    <![CDATA[Items price is same in PDP and Cart Page i.e Cart Price : 1.01 = PDP Price : 1.01]]>
  </system-out>
  <testcase classname="SRSproject.SRSproject.CartPageTest" name="CartSubtotalValidationfn" time="0.193"/>
  <system-out/>
  <testcase classname="SRSproject.SRSproject.CartPageTest" name="CartUpdateValidation" time="8.279"/>
  <system-out/>
  <testcase classname="SRSproject.SRSproject.CartPageTest" name="AddItemToCart_Validation" time="10.311"/>
  <system-out>
    <![CDATA[Able to Add items by searching them ]]>
  </system-out>
  <testcase classname="SRSproject.SRSproject.CartPageTest" name="Reorder_Validation" time="23.355"/>
  <system-out>
    <![CDATA[Items are added from cart to Reorder List selected]]>
  </system-out>
</testsuite> <!-- SRSproject.SRSproject.CartPageTest -->
