<?xml version="1.0" encoding="UTF-8"?>
<!-- Generated by org.testng.reporters.JUnitReportReporter -->
<testsuite hostname="L295-W-MARIRAJP" failures="0" tests="12" name="SRSproject.SRSproject.CartPageTest" time="317.734" errors="0" timestamp="2022-07-05T13:48:14 IST" skipped="0">
  <testcase classname="SRSproject.SRSproject.CartPageTest" name="MiniCartToCartPage_Redirection" time="49.647"/>
  <system-out/>
  <testcase classname="SRSproject.SRSproject.CartPageTest" name="ProductInformationValidation" time="32.486"/>
  <system-out>
    <![CDATA[Items price is same in PDP and Cart Page i.e Cart Price : 145.58 = PDP Price : 145.58]]>
  </system-out>
  <testcase classname="SRSproject.SRSproject.CartPageTest" name="CartSubtotalValidationfn" time="2.261"/>
  <system-out/>
  <testcase classname="SRSproject.SRSproject.CartPageTest" name="CartUpdateValidation" time="8.204"/>
  <system-out/>
  <testcase classname="SRSproject.SRSproject.CartPageTest" name="UOM_Validation" time="7.052"/>
  <system-out>
    <![CDATA[UOM EA is Present in PLP]]>
  </system-out>
  <testcase classname="SRSproject.SRSproject.CartPageTest" name="AddItemToCart_Validation" time="63.337"/>
  <system-out/>
  <testcase classname="SRSproject.SRSproject.CartPageTest" name="Inventory_Count" time="0.028"/>
  <system-out>
    <![CDATA[Call for Availability Text is Present]]>
  </system-out>
  <testcase classname="SRSproject.SRSproject.CartPageTest" name="Leagacy_PartNo_Validation" time="26.769"/>
  <system-out/>
  <testcase classname="SRSproject.SRSproject.CartPageTest" name="Backorder_Warning" time="3.048"/>
  <system-out>
    <![CDATA[Call for Availability is there and Backorder Warning is Present]]>
  </system-out>
  <testcase classname="SRSproject.SRSproject.CartPageTest" name="QuatityCount_Displayed_Validation" time="0.057"/>
  <system-out/>
  <testcase classname="SRSproject.SRSproject.CartPageTest" name="Reorder_Validation" time="23.348"/>
  <system-out>
    <![CDATA[Items are added from cart to Reorder List selected]]>
  </system-out>
  <testcase classname="SRSproject.SRSproject.CartPageTest" name="AddItemToCart_ValidationTo_Reorder" time="101.497"/>
  <system-out>
    <![CDATA[Items are added from cart to Reorder List selected]]>
  </system-out>
</testsuite> <!-- SRSproject.SRSproject.CartPageTest -->
