<?xml version="1.0" encoding="UTF-8"?>
<!-- Generated by org.testng.reporters.JUnitReportReporter -->
<testsuite hostname="L295-W-MARIRAJP" failures="0" tests="6" name="SRSproject.SRSproject.BrandPageTest" time="174.971" errors="0" timestamp="2022-06-13T12:39:53 IST" skipped="0">
  <testcase classname="SRSproject.SRSproject.BrandPageTest" name="BandsHeaderValid" time="36.208"/>
  <system-out/>
  <testcase classname="SRSproject.SRSproject.BrandPageTest" name="allBrandsValid" time="32.222"/>
  <system-out/>
  <testcase classname="SRSproject.SRSproject.BrandPageTest" name="SearchBrandName" time="21.873"/>
  <system-out/>
  <testcase classname="SRSproject.SRSproject.BrandPageTest" name="SearchBrandNamePCS" time="23.816"/>
  <system-out/>
  <testcase classname="SRSproject.SRSproject.BrandPageTest" name="SearchBrandNamePEP" time="31.242"/>
  <system-out/>
  <testcase classname="SRSproject.SRSproject.BrandPageTest" name="SearchBrandNameQPS" time="29.610"/>
  <system-out/>
</testsuite> <!-- SRSproject.SRSproject.BrandPageTest -->
