<?xml version="1.0" encoding="UTF-8"?>
<!-- Generated by org.testng.reporters.JUnitReportReporter -->
<testsuite hostname="DESKTOP-MMCCJ5V" failures="0" tests="2" name="SRSproject.SRSproject.BulkOrderPageTest100" time="102.308" errors="0" timestamp="2022-07-20T12:22:52 IST" skipped="0">
  <testcase classname="SRSproject.SRSproject.BulkOrderPageTest100" name="BulOrder_Redirection" time="31.834"/>
  <system-out/>
  <testcase classname="SRSproject.SRSproject.BulkOrderPageTest100" name="ListofItem_Validation" time="70.474"/>
  <system-out/>
</testsuite> <!-- SRSproject.SRSproject.BulkOrderPageTest100 -->
