<?xml version="1.0" encoding="UTF-8"?>
<!-- Generated by org.testng.reporters.JUnitReportReporter -->
<testsuite hostname="L295-W-MARIRAJP" failures="0" tests="7" name="SRSproject.SRSproject.BulkOrderPadTest" time="125.944" errors="0" timestamp="2022-05-03T13:02:22 IST" skipped="0">
  <testcase classname="SRSproject.SRSproject.BulkOrderPadTest" name="BulOrder_Redirection" time="32.967"/>
  <system-out/>
  <testcase classname="SRSproject.SRSproject.BulkOrderPadTest" name="AddItemtoBulkOrder_Validation" time="26.410"/>
  <system-out>
    <![CDATA[Items added to bulk order as expected]]>
  </system-out>
  <testcase classname="SRSproject.SRSproject.BulkOrderPadTest" name="AddNewLineItem_Validation" time="18.370"/>
  <system-out>
    <![CDATA[Items added to bulk order as expected]]>
  </system-out>
  <testcase classname="SRSproject.SRSproject.BulkOrderPadTest" name="UpdateQunatity_Validation" time="1.124"/>
  <system-out>
    <![CDATA[Items added to bulk order as expected]]>
  </system-out>
  <testcase classname="SRSproject.SRSproject.BulkOrderPadTest" name="AddAll_ItemToCart_Validation" time="1.067"/>
  <system-out>
    <![CDATA[Items added to cart]]>
  </system-out>
  <testcase classname="SRSproject.SRSproject.BulkOrderPadTest" name="ListofItem_Validation" time="25.626"/>
  <system-out>
    <![CDATA[Items are uploaded]]>
  </system-out>
  <testcase classname="SRSproject.SRSproject.BulkOrderPadTest" name="InValid_FileUpload_Validation" time="20.380"/>
  <system-out>
    <![CDATA[Valid Items are uploaded]]>
  </system-out>
</testsuite> <!-- SRSproject.SRSproject.BulkOrderPadTest -->
