<?xml version="1.0" encoding="UTF-8"?>
<!-- Generated by org.testng.reporters.JUnitReportReporter -->
<testsuite hostname="L295-W-MARIRAJP" failures="0" tests="2" name="SRSproject.LoginTests.ApprovedLoginMultiBrandTest" time="86.863" errors="0" timestamp="2022-03-28T17:15:59 IST" skipped="0">
  <testcase classname="SRSproject.LoginTests.ApprovedLoginMultiBrandTest" name="LoginValidationForMultiBrandFIS" time="43.047"/>
  <system-out/>
  <testcase classname="SRSproject.LoginTests.ApprovedLoginMultiBrandTest" name="LoginValidationForMultiBrandCPS" time="43.816"/>
  <system-out/>
</testsuite> <!-- SRSproject.LoginTests.ApprovedLoginMultiBrandTest -->
