<?xml version="1.0" encoding="UTF-8"?>
<!-- Generated by org.testng.reporters.JUnitReportReporter -->
<testsuite hostname="L295-W-MARIRAJP" failures="0" tests="1" name="SRSproject.LoginTests.UnAuthorizedAccessToTPS" time="56.493" errors="0" timestamp="2022-05-06T16:36:38 IST" skipped="0">
  <testcase classname="SRSproject.LoginTests.UnAuthorizedAccessToTPS" name="AccessQPS" time="56.493"/>
  <system-out/>
</testsuite> <!-- SRSproject.LoginTests.UnAuthorizedAccessToTPS -->
