<?xml version="1.0" encoding="UTF-8"?>
<!-- Generated by org.testng.reporters.JUnitReportReporter -->
<testsuite skipped="0" hostname="DESKTOP-MMCCJ5V" name="SRSproject.SRSproject.AccountDashboardPageTest" tests="2" failures="0" timestamp="2022-06-23T11:32:37 IST" time="135.365" errors="0">
  <testcase name="Account" time="101.677" classname="SRSproject.SRSproject.AccountDashboardPageTest"/>
  <system-out/>
  <testcase name="DashBoard" time="33.688" classname="SRSproject.SRSproject.AccountDashboardPageTest"/>
  <system-out/>
</testsuite> <!-- SRSproject.SRSproject.AccountDashboardPageTest -->
