<?xml version="1.0" encoding="UTF-8"?>
<!-- Generated by org.testng.reporters.JUnitReportReporter -->
<testsuite hostname="L295-W-MARIRAJP" failures="0" tests="9" name="SRSproject.SRSproject.Invoice" time="155.894" errors="0" timestamp="2022-06-01T16:50:54 IST" skipped="0">
  <testcase classname="SRSproject.SRSproject.Invoice" name="invoices" time="38.367"/>
  <system-out/>
  <testcase classname="SRSproject.SRSproject.Invoice" name="DropdownPagesSelected" time="0.470"/>
  <system-out/>
  <testcase classname="SRSproject.SRSproject.Invoice" name="InvoiceSearchUsingInvoice_No_Po_No" time="13.370"/>
  <system-out/>
  <testcase classname="SRSproject.SRSproject.Invoice" name="InvoiceNumbervalidation" time="6.160"/>
  <system-out/>
  <testcase classname="SRSproject.SRSproject.Invoice" name="CheckBox" time="17.078"/>
  <system-out/>
  <testcase classname="SRSproject.SRSproject.Invoice" name="Invoice_SecondPage_Listing" time="22.715"/>
  <system-out/>
  <testcase classname="SRSproject.SRSproject.Invoice" name="DownlodFileInvoiceCSV" time="30.301"/>
  <system-out/>
  <testcase classname="SRSproject.SRSproject.Invoice" name="DownlodFileInvoiceXL" time="27.391"/>
  <system-out/>
  <testcase classname="SRSproject.SRSproject.Invoice" name="Downloaded_File_validation" time="0.042"/>
  <system-out/>
</testsuite> <!-- SRSproject.SRSproject.Invoice -->
