<?xml version="1.0" encoding="UTF-8"?>
<!-- Generated by org.testng.reporters.JUnitReportReporter -->
<testsuite hostname="DESKTOP-MMCCJ5V" failures="0" tests="6" name="SRSproject.SRSproject.ProductDetailPageTest" time="233.038" errors="0" timestamp="2022-07-11T22:01:06 IST" skipped="0">
  <testcase classname="SRSproject.SRSproject.ProductDetailPageTest" name="PDP_RegisterRedirection_GuestValidation" time="50.223"/>
  <system-out/>
  <testcase classname="SRSproject.SRSproject.ProductDetailPageTest" name="AddingItemToCart" time="91.268"/>
  <system-out/>
  <testcase classname="SRSproject.SRSproject.ProductDetailPageTest" name="Recently_viewedItems_validation" time="36.806"/>
  <system-out/>
  <testcase classname="SRSproject.SRSproject.ProductDetailPageTest" name="RelatedProducts_validation" time="5.147"/>
  <system-out/>
  <testcase classname="SRSproject.SRSproject.ProductDetailPageTest" name="Adding_RelatedProduct_validation" time="4.115"/>
  <system-out/>
  <testcase classname="SRSproject.SRSproject.ProductDetailPageTest" name="UOM_Validation" time="45.479"/>
  <system-out>
UOM EA is Present in PLP  </system-out>
</testsuite> <!-- SRSproject.SRSproject.ProductDetailPageTest -->
