<?xml version="1.0" encoding="UTF-8"?>
<!-- Generated by org.testng.reporters.JUnitReportReporter -->
<testsuite hostname="L295-W-MARIRAJP" failures="0" tests="10" name="SRSproject.SRSproject.CartPageTest" time="386.735" errors="0" timestamp="2022-06-09T13:15:59 IST" skipped="0">
  <testcase classname="SRSproject.SRSproject.CartPageTest" name="CartPage_Count" time="136.300"/>
  <system-out/>
  <testcase classname="SRSproject.SRSproject.CartPageTest" name="MiniCartToCartPage_Redirection" time="49.688"/>
  <system-out/>
  <testcase classname="SRSproject.SRSproject.CartPageTest" name="ProductInformationValidation" time="25.679"/>
  <system-out>
Items price is same in PDP and Cart Page i.e Cart Price : 5.79 = PDP Price : 5.79  </system-out>
  <testcase classname="SRSproject.SRSproject.CartPageTest" name="CartSubtotalValidationfn" time="0.252"/>
  <system-out/>
  <testcase classname="SRSproject.SRSproject.CartPageTest" name="CartUpdateValidation" time="8.216"/>
  <system-out/>
  <testcase classname="SRSproject.SRSproject.CartPageTest" name="AddItemToCart_Validation" time="47.271"/>
  <system-out/>
  <testcase classname="SRSproject.SRSproject.CartPageTest" name="Reorder_Validation" time="23.245"/>
  <system-out>
Items are added from cart to Reorder List selected  </system-out>
  <testcase classname="SRSproject.SRSproject.CartPageTest" name="Inventory_Count" time="0.020"/>
  <system-out>
In stock Text is Present   </system-out>
  <testcase classname="SRSproject.SRSproject.CartPageTest" name="Backorder_Warning" time="9.175"/>
  <system-out>
Product was in stock now Backorder Warning is Present  </system-out>
  <testcase classname="SRSproject.SRSproject.CartPageTest" name="AddItemToCart_ValidationTo_Reorder" time="86.889"/>
  <system-out>
Items are added from cart to Reorder List selected  </system-out>
</testsuite> <!-- SRSproject.SRSproject.CartPageTest -->
