<?xml version="1.0" encoding="UTF-8"?>
<!-- Generated by org.testng.reporters.JUnitReportReporter -->
<testsuite hostname="L295-W-MARIRAJP" failures="0" tests="1" name="SRSproject.SRSproject.ApprovedLoginTest" time="32.719" errors="0" timestamp="2022-03-28T17:32:49 IST" skipped="0">
  <testcase classname="SRSproject.SRSproject.ApprovedLoginTest" name="LoginValidation" time="32.719"/>
  <system-out/>
</testsuite> <!-- SRSproject.SRSproject.ApprovedLoginTest -->
