<?xml version="1.0" encoding="UTF-8"?>
<!-- Generated by org.testng.reporters.JUnitReportReporter -->
<testsuite hostname="DESKTOP-MMCCJ5V" failures="0" tests="10" name="SRSproject.SRSproject.CartPageTest" time="361.449" errors="0" timestamp="2022-06-15T13:34:18 IST" skipped="0">
  <testcase classname="SRSproject.SRSproject.CartPageTest" name="CartPage_Count" time="98.849"/>
  <system-out/>
  <testcase classname="SRSproject.SRSproject.CartPageTest" name="MiniCartToCartPage_Redirection" time="71.234"/>
  <system-out/>
  <testcase classname="SRSproject.SRSproject.CartPageTest" name="ProductInformationValidation" time="27.656"/>
  <system-out>
    <![CDATA[Items price is same in PDP and Cart Page i.e Cart Price : 1.94 = PDP Price : 1.94]]>
  </system-out>
  <testcase classname="SRSproject.SRSproject.CartPageTest" name="CartSubtotalValidationfn" time="8.281"/>
  <system-out/>
  <testcase classname="SRSproject.SRSproject.CartPageTest" name="CartUpdateValidation" time="8.240"/>
  <system-out/>
  <testcase classname="SRSproject.SRSproject.CartPageTest" name="AddItemToCart_Validation" time="33.429"/>
  <system-out/>
  <testcase classname="SRSproject.SRSproject.CartPageTest" name="Reorder_Validation" time="23.450"/>
  <system-out>
    <![CDATA[Items are added from cart to Reorder List selected]]>
  </system-out>
  <testcase classname="SRSproject.SRSproject.CartPageTest" name="Inventory_Count" time="0.049"/>
  <system-out>
    <![CDATA[Product Inventory count is Present]]>
  </system-out>
  <testcase classname="SRSproject.SRSproject.CartPageTest" name="Backorder_Warning" time="9.226"/>
  <system-out>
    <![CDATA[Quantity was present now Backorder Warning is Present]]>
  </system-out>
  <testcase classname="SRSproject.SRSproject.CartPageTest" name="AddItemToCart_ValidationTo_Reorder" time="81.035"/>
  <system-out>
    <![CDATA[Items are added from cart to Reorder List selected]]>
  </system-out>
</testsuite> <!-- SRSproject.SRSproject.CartPageTest -->
