<?xml version="1.0" encoding="UTF-8"?>
<!-- Generated by org.testng.reporters.JUnitReportReporter -->
<testsuite hostname="L295-W-MARIRAJP" failures="0" tests="2" name="SRSproject.LoginTests.UnApprovedLoginMultiBrandTest" time="25.499" errors="0" timestamp="2022-03-31T18:22:30 IST" skipped="1">
  <testcase classname="SRSproject.LoginTests.UnApprovedLoginMultiBrandTest" name="UnApprovedLoginMultiBrandValidationQPS" time="25.499"/>
  <system-out/>
  <testcase classname="SRSproject.LoginTests.UnApprovedLoginMultiBrandTest" name="UnApprovedLoginMultiBrandValidationPCS">
    <skipped/>
  </testcase> <!-- UnApprovedLoginMultiBrandValidationPCS -->
  <system-out/>
</testsuite> <!-- SRSproject.LoginTests.UnApprovedLoginMultiBrandTest -->
