<?xml version="1.0" encoding="UTF-8"?>
<!-- Generated by org.testng.reporters.JUnitReportReporter -->
<testsuite hostname="L295-W-MARIRAJP" failures="0" tests="6" name="SRSproject.SRSproject.CartPageTest" time="130.383" errors="0" timestamp="2022-05-11T10:28:48 IST" skipped="0">
  <testcase classname="SRSproject.SRSproject.CartPageTest" name="MiniCartToCartPage_Redirection" time="48.374"/>
  <system-out/>
  <testcase classname="SRSproject.SRSproject.CartPageTest" name="ProductInformationValidation" time="21.951"/>
  <system-out>
    <![CDATA[Items price is same in PDP and Cart Page i.e Cart Price : 98.38 = PDP Price : 98.38]]>
  </system-out>
  <testcase classname="SRSproject.SRSproject.CartPageTest" name="CartSubtotalValidationfn" time="0.227"/>
  <system-out/>
  <testcase classname="SRSproject.SRSproject.CartPageTest" name="CartUpdateValidation" time="8.263"/>
  <system-out/>
  <testcase classname="SRSproject.SRSproject.CartPageTest" name="AddItemToCart_Validation" time="28.299"/>
  <system-out/>
  <testcase classname="SRSproject.SRSproject.CartPageTest" name="Reorder_Validation" time="23.269"/>
  <system-out>
    <![CDATA[Items are added from cart to Reorder List selected]]>
  </system-out>
</testsuite> <!-- SRSproject.SRSproject.CartPageTest -->
