<?xml version="1.0" encoding="UTF-8"?>
<!-- Generated by org.testng.reporters.JUnitReportReporter -->
<testsuite skipped="1" hostname="DESKTOP-MMCCJ5V" name="SRSproject.SRSproject.AccountStatementTest" tests="6" failures="0" timestamp="2022-06-22T16:04:26 IST" time="408.695" errors="0">
  <testcase name="Account" time="88.449" classname="SRSproject.SRSproject.AccountStatementTest"/>
  <system-out/>
  <testcase name="AccountStatementVerify" time="76.475" classname="SRSproject.SRSproject.AccountStatementTest"/>
  <system-out/>
  <testcase name="InvoiceIdVerify" time="105.735" classname="SRSproject.SRSproject.AccountStatementTest"/>
  <system-out/>
  <testcase name="AccountBillVerify" time="88.167" classname="SRSproject.SRSproject.AccountStatementTest"/>
  <system-out/>
  <testcase name="PageCountVerify" time="49.869" classname="SRSproject.SRSproject.AccountStatementTest"/>
  <system-out/>
  <testcase name="PrintPageVerify" classname="SRSproject.SRSproject.AccountStatementTest">
    <skipped/>
  </testcase> <!-- PrintPageVerify -->
  <system-out/>
</testsuite> <!-- SRSproject.SRSproject.AccountStatementTest -->
