<?xml version="1.0" encoding="UTF-8"?>
<!-- Generated by org.testng.reporters.JUnitReportReporter -->
<testsuite hostname="L295-W-MARIRAJP" failures="1" tests="8" name="SRSproject.SRSproject.StoreLocatorsPageTest" time="167.755" errors="0" timestamp="2022-07-01T13:46:35 IST" skipped="0">
  <testcase classname="SRSproject.SRSproject.StoreLocatorsPageTest" name="AllBranchValidation" time="35.473"/>
  <system-out/>
  <testcase classname="SRSproject.SRSproject.StoreLocatorsPageTest" name="SelectBranch_RedirectionValidation" time="13.757">
    <failure message="expected [CPS WESTMINSTER] but found [EMSCO STRONGSVILLE]" type="java.lang.AssertionError">
      <![CDATA[java.lang.AssertionError: expected [CPS WESTMINSTER] but found [EMSCO STRONGSVILLE]
at org.testng.Assert.fail(Assert.java:99)
at org.testng.Assert.failNotEquals(Assert.java:1037)
at org.testng.Assert.assertEqualsImpl(Assert.java:140)
at org.testng.Assert.assertEquals(Assert.java:122)
at org.testng.Assert.assertEquals(Assert.java:629)
at org.testng.Assert.assertEquals(Assert.java:639)
at SRSproject.SRSproject.StoreLocatorsPageTest.SelectBranch_RedirectionValidation(StoreLocatorsPageTest.java:66)
at java.base/jdk.internal.reflect.NativeMethodAccessorImpl.invoke0(Native Method)
at java.base/jdk.internal.reflect.NativeMethodAccessorImpl.invoke(NativeMethodAccessorImpl.java:77)
at java.base/jdk.internal.reflect.DelegatingMethodAccessorImpl.invoke(DelegatingMethodAccessorImpl.java:43)
at java.base/java.lang.reflect.Method.invoke(Method.java:568)
at org.testng.internal.MethodInvocationHelper.invokeMethod(MethodInvocationHelper.java:133)
at org.testng.internal.TestInvoker.invokeMethod(TestInvoker.java:598)
at org.testng.internal.TestInvoker.invokeTestMethod(TestInvoker.java:173)
at org.testng.internal.MethodRunner.runInSequence(MethodRunner.java:46)
at org.testng.internal.TestInvoker$MethodInvocationAgent.invoke(TestInvoker.java:824)
at org.testng.internal.TestInvoker.invokeTestMethods(TestInvoker.java:146)
at org.testng.internal.TestMethodWorker.invokeTestMethods(TestMethodWorker.java:146)
at org.testng.internal.TestMethodWorker.run(TestMethodWorker.java:128)
at java.base/java.util.ArrayList.forEach(ArrayList.java:1511)
at org.testng.TestRunner.privateRun(TestRunner.java:794)
at org.testng.TestRunner.run(TestRunner.java:596)
at org.testng.SuiteRunner.runTest(SuiteRunner.java:377)
at org.testng.SuiteRunner.runSequentially(SuiteRunner.java:371)
at org.testng.SuiteRunner.privateRun(SuiteRunner.java:332)
at org.testng.SuiteRunner.run(SuiteRunner.java:276)
at org.testng.SuiteRunnerWorker.runSuite(SuiteRunnerWorker.java:53)
at org.testng.SuiteRunnerWorker.run(SuiteRunnerWorker.java:96)
at org.testng.TestNG.runSuitesSequentially(TestNG.java:1212)
at org.testng.TestNG.runSuitesLocally(TestNG.java:1134)
at org.testng.TestNG.runSuites(TestNG.java:1063)
at org.testng.TestNG.run(TestNG.java:1031)
at org.testng.remote.AbstractRemoteTestNG.run(AbstractRemoteTestNG.java:115)
at org.testng.remote.RemoteTestNG.initAndRun(RemoteTestNG.java:251)
at org.testng.remote.RemoteTestNG.main(RemoteTestNG.java:77)
]]>
    </failure>
  </testcase> <!-- SelectBranch_RedirectionValidation -->
  <system-out/>
  <testcase classname="SRSproject.SRSproject.StoreLocatorsPageTest" name="LocationBasedBranchValidation" time="13.068"/>
  <system-out/>
  <testcase classname="SRSproject.SRSproject.StoreLocatorsPageTest" name="ZipcodeBasedBranchValidation" time="13.216"/>
  <system-out/>
  <testcase classname="SRSproject.SRSproject.StoreLocatorsPageTest" name="GetDirection_RedirectionValidation" time="16.540"/>
  <system-out/>
  <testcase classname="SRSproject.SRSproject.StoreLocatorsPageTest" name="InValidLocationSearch_Validation" time="15.416"/>
  <system-out/>
  <testcase classname="SRSproject.SRSproject.StoreLocatorsPageTest" name="ChangeBranchDisplayed_LoggedInUser_Validation" time="25.593"/>
  <system-out/>
  <testcase classname="SRSproject.SRSproject.StoreLocatorsPageTest" name="ChangingBranch_Validation" time="34.692"/>
  <system-out/>
</testsuite> <!-- SRSproject.SRSproject.StoreLocatorsPageTest -->
