<?xml version="1.0" encoding="UTF-8"?>
<!-- Generated by org.testng.reporters.JUnitReportReporter -->
<testsuite skipped="1" hostname="DESKTOP-MMCCJ5V" name="SRSproject.SRSproject.AccountDashboardPageTest" tests="2" failures="0" timestamp="2022-06-20T20:33:35 IST" time="84.400" errors="0">
  <testcase name="DashBoard" time="84.400" classname="SRSproject.SRSproject.AccountDashboardPageTest"/>
  <system-out/>
  <testcase name="Account" classname="SRSproject.SRSproject.AccountDashboardPageTest">
    <skipped/>
  </testcase> <!-- Account -->
  <system-out/>
</testsuite> <!-- SRSproject.SRSproject.AccountDashboardPageTest -->
