<?xml version="1.0" encoding="UTF-8"?>
<!-- Generated by org.testng.reporters.JUnitReportReporter -->
<testsuite hostname="L295-W-MARIRAJP" failures="0" tests="6" name="SRSproject.SRSproject.GlobalMultibrandLogin" time="192.036" errors="0" timestamp="2022-05-26T13:40:53 IST" skipped="0">
  <testcase classname="SRSproject.SRSproject.GlobalMultibrandLogin" name="ValidMultiSelectPCS" time="35.142"/>
  <system-out/>
  <testcase classname="SRSproject.SRSproject.GlobalMultibrandLogin" name="ValidMultiSelectCPS" time="32.733"/>
  <system-out/>
  <testcase classname="SRSproject.SRSproject.GlobalMultibrandLogin" name="ValidMultiSelectFIS" time="43.942"/>
  <system-out/>
  <testcase classname="SRSproject.SRSproject.GlobalMultibrandLogin" name="ValidMultiLoginSelectQPS" time="46.570"/>
  <system-out/>
  <testcase classname="SRSproject.SRSproject.GlobalMultibrandLogin" name="InvalidMultiLogin" time="20.860"/>
  <system-out/>
  <testcase classname="SRSproject.SRSproject.GlobalMultibrandLogin" name="UnApprovedLoginMultiBrandValidation" time="12.789"/>
  <system-out/>
</testsuite> <!-- SRSproject.SRSproject.GlobalMultibrandLogin -->
