<?xml version="1.0" encoding="UTF-8"?>
<!-- Generated by org.testng.reporters.JUnitReportReporter -->
<testsuite skipped="0" hostname="DESKTOP-MMCCJ5V" name="SRSproject.SRSproject.LoginTest1" tests="1" failures="0" timestamp="2022-05-23T10:17:44 IST" time="16.105" errors="0">
  <testcase name="LoginValidation" time="16.105" classname="SRSproject.SRSproject.LoginTest1"/>
  <system-out/>
</testsuite> <!-- SRSproject.SRSproject.LoginTest1 -->
