<?xml version="1.0" encoding="UTF-8"?>
<!-- Generated by org.testng.reporters.JUnitReportReporter -->
<testsuite hostname="DESKTOP-MMCCJ5V" failures="0" tests="2" name="SRSproject.SRSproject.ProductDetailPageTest" time="66.976" errors="0" timestamp="2022-05-03T19:09:41 IST" skipped="1">
  <testcase classname="SRSproject.SRSproject.ProductDetailPageTest" name="AddingItemToCart" time="66.976"/>
  <system-out/>
  <testcase classname="SRSproject.SRSproject.ProductDetailPageTest" name="PDP_RegisterRedirection_GuestValidation">
    <skipped/>
  </testcase> <!-- PDP_RegisterRedirection_GuestValidation -->
  <system-out/>
</testsuite> <!-- SRSproject.SRSproject.ProductDetailPageTest -->
