<?xml version="1.0" encoding="UTF-8"?>
<!-- Generated by org.testng.reporters.JUnitReportReporter -->
<testsuite skipped="0" hostname="DESKTOP-MMCCJ5V" name="SRSproject.SRSproject.ProductDetailPageTest" tests="2" failures="0" timestamp="2022-05-11T18:54:04 IST" time="116.464" errors="0">
  <testcase name="PDP_RegisterRedirection_GuestValidation" time="46.895" classname="SRSproject.SRSproject.ProductDetailPageTest"/>
  <system-out/>
  <testcase name="AddingItemToCart" time="69.569" classname="SRSproject.SRSproject.ProductDetailPageTest"/>
  <system-out/>
</testsuite> <!-- SRSproject.SRSproject.ProductDetailPageTest -->
