<?xml version="1.0" encoding="UTF-8"?>
<!-- Generated by org.testng.reporters.JUnitReportReporter -->
<testsuite skipped="0" hostname="DESKTOP-MMCCJ5V" name="SRSproject.SRSproject.CheckoutPageTest" tests="3" failures="0" timestamp="2022-05-11T18:54:04 IST" time="52.924" errors="0">
  <testcase name="CartToCheckout_Validation" time="47.179" classname="SRSproject.SRSproject.CheckoutPageTest"/>
  <system-out>
Checkout  </system-out>
  <testcase name="Date_Validation" time="4.086" classname="SRSproject.SRSproject.CheckoutPageTest"/>
  <system-out/>
  <testcase name="ProductList_Validation" time="1.659" classname="SRSproject.SRSproject.CheckoutPageTest"/>
  <system-out>
Not all item from cart are added to checkout page   </system-out>
</testsuite> <!-- SRSproject.SRSproject.CheckoutPageTest -->
