<?xml version="1.0" encoding="UTF-8"?>
<!-- Generated by org.testng.reporters.JUnitReportReporter -->
<testsuite skipped="0" hostname="DESKTOP-MMCCJ5V" name="SRSproject.SRSproject.ChangeBranch_shipto_Test" tests="2" failures="0" timestamp="2022-05-11T18:54:04 IST" time="88.451" errors="0">
  <testcase name="Change_Shito_Validation" time="62.570" classname="SRSproject.SRSproject.ChangeBranch_shipto_Test"/>
  <system-out/>
  <testcase name="ChangeBranch_Validation" time="25.881" classname="SRSproject.SRSproject.ChangeBranch_shipto_Test"/>
  <system-out/>
</testsuite> <!-- SRSproject.SRSproject.ChangeBranch_shipto_Test -->
