<?xml version="1.0" encoding="UTF-8"?>
<!-- Generated by org.testng.reporters.JUnitReportReporter -->
<testsuite skipped="0" hostname="DESKTOP-MMCCJ5V" name="SRSproject.SRSproject.ProductListPageTest" tests="2" failures="0" timestamp="2022-05-17T15:14:54 IST" time="106.636" errors="0">
  <testcase name="PLP_RegisterRedirection_GuestValidation" time="34.775" classname="SRSproject.SRSproject.ProductListPageTest"/>
  <system-out/>
  <testcase name="AddToCart_Validation" time="71.861" classname="SRSproject.SRSproject.ProductListPageTest"/>
  <system-out/>
</testsuite> <!-- SRSproject.SRSproject.ProductListPageTest -->
