<?xml version="1.0" encoding="UTF-8"?>
<!-- Generated by org.testng.reporters.JUnitReportReporter -->
<testsuite skipped="0" hostname="DESKTOP-MMCCJ5V" name="SRSproject.SRSproject.CartPageTest" tests="6" failures="0" timestamp="2022-05-11T18:54:04 IST" time="133.579" errors="0">
  <testcase name="MiniCartToCartPage_Redirection" time="50.555" classname="SRSproject.SRSproject.CartPageTest"/>
  <system-out/>
  <testcase name="ProductInformationValidation" time="22.650" classname="SRSproject.SRSproject.CartPageTest"/>
  <system-out>
Items price is same in PDP and Cart Page i.e Cart Price : 10.2 = PDP Price : 10.2  </system-out>
  <testcase name="CartSubtotalValidationfn" time="0.281" classname="SRSproject.SRSproject.CartPageTest"/>
  <system-out/>
  <testcase name="CartUpdateValidation" time="8.277" classname="SRSproject.SRSproject.CartPageTest"/>
  <system-out/>
  <testcase name="AddItemToCart_Validation" time="28.421" classname="SRSproject.SRSproject.CartPageTest"/>
  <system-out/>
  <testcase name="Reorder_Validation" time="23.395" classname="SRSproject.SRSproject.CartPageTest"/>
  <system-out>
Items are added from cart to Reorder List selected  </system-out>
</testsuite> <!-- SRSproject.SRSproject.CartPageTest -->
